npm warn Unknown project config "package-manager". This will stop working in the next major version of npm.
npm warn Unknown project config "auto-install-peers". This will stop working in the next major version of npm.
npm warn Unknown project config "strict-peer-dependencies". This will stop working in the next major version of npm.

ðŸ§ª Playwright Global Setup - Iniciando...
â„¹ï¸  Seed data automÃ¡tica desativada
   Para ativar: E2E_AUTO_SEED=true npm run test:e2e
   Ou execute manualmente: npm run db:seed:e2e
ðŸ” Auth storageState criado: /home/rafael/Documents/fisioflow/fisioflow-51658291/playwright/.auth/user.json
âœ… Global Setup concluÃ­do


Running 2 tests using 2 workers

[1A[2K[1/2] [chromium] â€º e2e/validate-new-slash-commands.spec.ts:90:5 â€º Validation - Novos Slash Commands e Checklist â€º deve validar o menu slash e inserÃ§Ã£o de blocos clÃ­nicos
[1A[2K[2/2] [chromium] â€º e2e/validate-new-slash-commands.spec.ts:120:5 â€º Validation - Novos Slash Commands e Checklist â€º deve validar o comando de Checklist e funcionamento dos marcadores
[1A[2K[chromium] â€º e2e/validate-new-slash-commands.spec.ts:90:5 â€º Validation - Novos Slash Commands e Checklist â€º deve validar o menu slash e inserÃ§Ã£o de blocos clÃ­nicos
BROWSER LOG: %cDownload the React DevTools for a better development experience: https://react.dev/link/react-devtools font-weight:bold

[1A[2K[chromium] â€º e2e/validate-new-slash-commands.spec.ts:120:5 â€º Validation - Novos Slash Commands e Checklist â€º deve validar o comando de Checklist e funcionamento dos marcadores
BROWSER LOG: %cDownload the React DevTools for a better development experience: https://react.dev/link/react-devtools font-weight:bold

[1A[2K[chromium] â€º e2e/validate-new-slash-commands.spec.ts:90:5 â€º Validation - Novos Slash Commands e Checklist â€º deve validar o menu slash e inserÃ§Ã£o de blocos clÃ­nicos
BROWSER LOG: %c[ERROR] 2026-02-23T18:41:27.060Z  Failed to initialize Core Web Vitals tracking color: #ff4444; font-weight: bold; {}

[1A[2KBROWSER LOG: %c[ERROR] 2026-02-23T18:41:27.063Z  Failed to initialize Core Web Vitals tracking color: #ff4444; font-weight: bold; {}

[1A[2KBROWSER LOG: {FCP: 396, LCP: undefined, FID: undefined, INP: undefined, CLS: undefined, TTFB: undefined}

[1A[2KBROWSER LOG: {FCP: 396, LCP: undefined, FID: undefined, INP: undefined, CLS: undefined, TTFB: undefined}

[1A[2K[chromium] â€º e2e/validate-new-slash-commands.spec.ts:120:5 â€º Validation - Novos Slash Commands e Checklist â€º deve validar o comando de Checklist e funcionamento dos marcadores
BROWSER LOG: %c[ERROR] 2026-02-23T18:41:27.095Z  Failed to initialize Core Web Vitals tracking color: #ff4444; font-weight: bold; {}

[1A[2KBROWSER LOG: %c[ERROR] 2026-02-23T18:41:27.097Z  Failed to initialize Core Web Vitals tracking color: #ff4444; font-weight: bold; {}

[1A[2K[chromium] â€º e2e/validate-new-slash-commands.spec.ts:90:5 â€º Validation - Novos Slash Commands e Checklist â€º deve validar o menu slash e inserÃ§Ã£o de blocos clÃ­nicos
BROWSER LOG: {FCP: 396, LCP: undefined, FID: undefined, INP: undefined, CLS: undefined, TTFB: 22.5}

[1A[2KBROWSER LOG: {FCP: 396, LCP: undefined, FID: undefined, INP: undefined, CLS: undefined, TTFB: 22.5}

[1A[2K[chromium] â€º e2e/validate-new-slash-commands.spec.ts:120:5 â€º Validation - Novos Slash Commands e Checklist â€º deve validar o comando de Checklist e funcionamento dos marcadores
BROWSER LOG: {FCP: 448, LCP: undefined, FID: undefined, INP: undefined, CLS: undefined, TTFB: undefined}

[1A[2KBROWSER LOG: {FCP: 448, LCP: undefined, FID: undefined, INP: undefined, CLS: undefined, TTFB: undefined}

[1A[2KBROWSER LOG: {FCP: 448, LCP: undefined, FID: undefined, INP: undefined, CLS: undefined, TTFB: 17.599999994039536}

[1A[2KBROWSER LOG: {FCP: 448, LCP: undefined, FID: undefined, INP: undefined, CLS: undefined, TTFB: 17.599999994039536}

[1A[2K  1) [chromium] â€º e2e/validate-new-slash-commands.spec.ts:90:5 â€º Validation - Novos Slash Commands e Checklist â€º deve validar o menu slash e inserÃ§Ã£o de blocos clÃ­nicos 

    Error: [2mexpect([22m[31mlocator[39m[2m).[22mtoBeVisible[2m([22m[2m)[22m failed

    Locator: locator('#login-email')
    Expected: visible
    Timeout: 15000ms
    Error: element(s) not found

    Call log:
    [2m  - Expect "toBeVisible" with timeout 15000ms[22m
    [2m  - waiting for locator('#login-email')[22m


      80 |
      81 |         // Wait for page to load with higher timeout
    > 82 |         await expect(page.locator('#login-email')).toBeVisible({ timeout: 15000 });
         |                                                    ^
      83 |
      84 |         await page.fill('#login-email', 'rafael.minatto@yahoo.com.br');
      85 |         await page.fill('#login-password', 'Yukari30@');
        at /home/rafael/Documents/fisioflow/fisioflow-51658291/e2e/validate-new-slash-commands.spec.ts:82:52

    attachment #1: screenshot (image/png) â”€â”€â”€â”€â”€â”€â”€â”€â”€â”€â”€â”€â”€â”€â”€â”€â”€â”€â”€â”€â”€â”€â”€â”€â”€â”€â”€â”€â”€â”€â”€â”€â”€â”€â”€â”€â”€â”€â”€â”€â”€â”€â”€â”€â”€â”€â”€â”€â”€â”€â”€â”€â”€â”€â”€â”€â”€â”€
    test-results/validate-new-slash-command-c061e-inserÃ§Ã£o-de-blocos-clÃ­nicos-chromium/test-failed-1.png
    â”€â”€â”€â”€â”€â”€â”€â”€â”€â”€â”€â”€â”€â”€â”€â”€â”€â”€â”€â”€â”€â”€â”€â”€â”€â”€â”€â”€â”€â”€â”€â”€â”€â”€â”€â”€â”€â”€â”€â”€â”€â”€â”€â”€â”€â”€â”€â”€â”€â”€â”€â”€â”€â”€â”€â”€â”€â”€â”€â”€â”€â”€â”€â”€â”€â”€â”€â”€â”€â”€â”€â”€â”€â”€â”€â”€â”€â”€â”€â”€â”€â”€â”€â”€â”€â”€â”€â”€â”€â”€â”€â”€â”€â”€â”€â”€

    Error Context: test-results/validate-new-slash-command-c061e-inserÃ§Ã£o-de-blocos-clÃ­nicos-chromium/error-context.md


[1A[2K  2) [chromium] â€º e2e/validate-new-slash-commands.spec.ts:120:5 â€º Validation - Novos Slash Commands e Checklist â€º deve validar o comando de Checklist e funcionamento dos marcadores 

    Error: [2mexpect([22m[31mlocator[39m[2m).[22mtoBeVisible[2m([22m[2m)[22m failed

    Locator: locator('#login-email')
    Expected: visible
    Timeout: 15000ms
    Error: element(s) not found

    Call log:
    [2m  - Expect "toBeVisible" with timeout 15000ms[22m
    [2m  - waiting for locator('#login-email')[22m


      80 |
      81 |         // Wait for page to load with higher timeout
    > 82 |         await expect(page.locator('#login-email')).toBeVisible({ timeout: 15000 });
         |                                                    ^
      83 |
      84 |         await page.fill('#login-email', 'rafael.minatto@yahoo.com.br');
      85 |         await page.fill('#login-password', 'Yukari30@');
        at /home/rafael/Documents/fisioflow/fisioflow-51658291/e2e/validate-new-slash-commands.spec.ts:82:52

    attachment #1: screenshot (image/png) â”€â”€â”€â”€â”€â”€â”€â”€â”€â”€â”€â”€â”€â”€â”€â”€â”€â”€â”€â”€â”€â”€â”€â”€â”€â”€â”€â”€â”€â”€â”€â”€â”€â”€â”€â”€â”€â”€â”€â”€â”€â”€â”€â”€â”€â”€â”€â”€â”€â”€â”€â”€â”€â”€â”€â”€â”€â”€
    test-results/validate-new-slash-command-28c36-uncionamento-dos-marcadores-chromium/test-failed-1.png
    â”€â”€â”€â”€â”€â”€â”€â”€â”€â”€â”€â”€â”€â”€â”€â”€â”€â”€â”€â”€â”€â”€â”€â”€â”€â”€â”€â”€â”€â”€â”€â”€â”€â”€â”€â”€â”€â”€â”€â”€â”€â”€â”€â”€â”€â”€â”€â”€â”€â”€â”€â”€â”€â”€â”€â”€â”€â”€â”€â”€â”€â”€â”€â”€â”€â”€â”€â”€â”€â”€â”€â”€â”€â”€â”€â”€â”€â”€â”€â”€â”€â”€â”€â”€â”€â”€â”€â”€â”€â”€â”€â”€â”€â”€â”€â”€

    Error Context: test-results/validate-new-slash-command-28c36-uncionamento-dos-marcadores-chromium/error-context.md


[1A[2K  2 failed
    [chromium] â€º e2e/validate-new-slash-commands.spec.ts:90:5 â€º Validation - Novos Slash Commands e Checklist â€º deve validar o menu slash e inserÃ§Ã£o de blocos clÃ­nicos 
    [chromium] â€º e2e/validate-new-slash-commands.spec.ts:120:5 â€º Validation - Novos Slash Commands e Checklist â€º deve validar o comando de Checklist e funcionamento dos marcadores 

[36m  Serving HTML report at http://localhost:38761. Press Ctrl+C to quit.[39m
