app/(tabs)/exercises.tsx(149,30): error TS2345: Argument of type 'string' is not assignable to parameter of type 'ExerciseStatus'.
app/(tabs)/exercises.tsx(158,88): error TS2345: Argument of type 'string' is not assignable to parameter of type 'ExerciseStatus'.
app/(tabs)/exercises.tsx(159,76): error TS2345: Argument of type 'string' is not assignable to parameter of type 'ExerciseStatus'.
app/(tabs)/exercises.tsx(160,36): error TS2345: Argument of type 'string' is not assignable to parameter of type 'ExerciseStatus'.
app/(tabs)/index.tsx(102,45): error TS2322: Type '{ orientation: "vertical"; height: number; }' is not assignable to type 'IntrinsicAttributes & DividerProps'.
  Property 'height' does not exist on type 'IntrinsicAttributes & DividerProps'.
app/(tabs)/index.tsx(111,45): error TS2322: Type '{ orientation: "vertical"; height: number; }' is not assignable to type 'IntrinsicAttributes & DividerProps'.
  Property 'height' does not exist on type 'IntrinsicAttributes & DividerProps'.
app/(tabs)/profile.tsx(204,43): error TS2322: Type '{ orientation: "vertical"; height: number; }' is not assignable to type 'IntrinsicAttributes & DividerProps'.
  Property 'height' does not exist on type 'IntrinsicAttributes & DividerProps'.
app/(tabs)/profile.tsx(281,66): error TS2339: Property 'disabled' does not exist on type '{ readonly primary: "#0F172A"; readonly secondary: "#475569"; readonly tertiary: "#64748B"; readonly inverse: "#FFFFFF"; }'.
app/(tabs)/profile.tsx(319,29): error TS2322: Type '{ value: boolean; onValueChange: (value: boolean) => void; }' is not assignable to type 'IntrinsicAttributes & SwitchProps'.
  Property 'onValueChange' does not exist on type 'IntrinsicAttributes & SwitchProps'.
app/(tabs)/progress.tsx(86,47): error TS2322: Type 'Dispatch<SetStateAction<ProgressTab>>' is not assignable to type '(value: string) => void'.
  Types of parameters 'value' and 'value' are incompatible.
    Type 'string' is not assignable to type 'SetStateAction<ProgressTab>'.
app/(tabs)/progress.tsx(244,43): error TS2322: Type '{ orientation: "vertical"; height: number; }' is not assignable to type 'IntrinsicAttributes & DividerProps'.
  Property 'height' does not exist on type 'IntrinsicAttributes & DividerProps'.
app/(tabs)/progress.tsx(253,43): error TS2322: Type '{ orientation: "vertical"; height: number; }' is not assignable to type 'IntrinsicAttributes & DividerProps'.
  Property 'height' does not exist on type 'IntrinsicAttributes & DividerProps'.
app/(tabs)/progress.tsx(325,13): error TS2322: Type '"flat" | "elevated"' is not assignable to type 'CardVariant | undefined'.
  Type '"flat"' is not assignable to type 'CardVariant | undefined'.
app/(tabs)/progress.tsx(326,13): error TS2322: Type '(false | { width: "48%"; padding: number; alignItems: "center"; } | { opacity: number; })[]' is not assignable to type 'ViewStyle'.
  Types of property 'filter' are incompatible.
    Type '{ <S extends false | { width: "48%"; padding: number; alignItems: "center"; } | { opacity: number; }>(predicate: (value: false | { width: "48%"; padding: number; alignItems: "center"; } | { opacity: number; }, index: number, array: (false | ... 1 more ... | { ...; })[]) => value is S, thisArg?: any): S[]; (predicate...' is not assignable to type 'string | readonly FilterFunction[] | undefined'.
app/(tabs)/progress.tsx(357,97): error TS2339: Property 'disabled' does not exist on type '{ readonly primary: "#0F172A"; readonly secondary: "#475569"; readonly tertiary: "#64748B"; readonly inverse: "#FFFFFF"; }'.
app/_layout.tsx(5,10): error TS2305: Module '"@expo-google-fonts/inter"' has no exported member 'Inter_400'.
app/_layout.tsx(5,21): error TS2305: Module '"@expo-google-fonts/inter"' has no exported member 'Inter_500'.
app/_layout.tsx(5,32): error TS2305: Module '"@expo-google-fonts/inter"' has no exported member 'Inter_600'.
app/_layout.tsx(5,43): error TS2305: Module '"@expo-google-fonts/inter"' has no exported member 'Inter_700'.
../../node_modules/.pnpm/@fisioflow+shared-api@file+packages+shared-api_react-native@0.76.6_@babel+core@7.28.5_@babel+_oezpnhowhgmaxgqcg66upnk4wi/node_modules/@fisioflow/shared-api/src/firebase/notifications.ts(9,25): error TS2307: Cannot find module 'expo-device' or its corresponding type declarations.
../../node_modules/.pnpm/@fisioflow+shared-api@file+packages+shared-api_react-native@0.76.6_@babel+core@7.28.5_@babel+_oezpnhowhgmaxgqcg66upnk4wi/node_modules/@fisioflow/shared-api/src/firebase/notifications.ts(11,21): error TS2614: Module '"./config"' has no exported member 'isSupported'. Did you mean to use 'import isSupported from "./config"' instead?
../../node_modules/.pnpm/@fisioflow+shared-api@file+packages+shared-api_react-native@0.76.6_@babel+core@7.28.5_@babel+_oezpnhowhgmaxgqcg66upnk4wi/node_modules/@fisioflow/shared-api/src/firebase/notifications.ts(52,35): error TS2322: Type 'Promise<{ shouldShowAlert: true; shouldPlaySound: true; shouldSetBadge: true; }>' is not assignable to type 'Promise<NotificationBehavior>'.
  Type '{ shouldShowAlert: true; shouldPlaySound: true; shouldSetBadge: true; }' is missing the following properties from type 'NotificationBehavior': shouldShowBanner, shouldShowList
../../node_modules/.pnpm/@fisioflow+shared-api@file+packages+shared-api_react-native@0.76.6_@babel+core@7.28.5_@babel+_oezpnhowhgmaxgqcg66upnk4wi/node_modules/@fisioflow/shared-api/src/firebase/notifications.ts(104,7): error TS2322: Type 'ExpoPushToken' is not assignable to type 'string'.
../../node_modules/.pnpm/@fisioflow+shared-api@file+packages+shared-api_react-native@0.76.6_@babel+core@7.28.5_@babel+_oezpnhowhgmaxgqcg66upnk4wi/node_modules/@fisioflow/shared-api/src/firebase/notifications.ts(110,42): error TS2339: Property 'getToken' does not exist on type 'Messaging'.
../../node_modules/.pnpm/@fisioflow+shared-api@file+packages+shared-api_react-native@0.76.6_@babel+core@7.28.5_@babel+_oezpnhowhgmaxgqcg66upnk4wi/node_modules/@fisioflow/shared-api/src/firebase/notifications.ts(138,41): error TS2551: Property 'users' does not exist on type '{ readonly USERS: "users"; readonly PROFILES: "profiles"; readonly USER_ROLES: "user_roles"; readonly PRESENCE: "presence"; readonly PATIENTS: "patients"; readonly EVALUATIONS: "evaluations"; ... 8 more ...; readonly ACHIEVEMENTS: "achievements"; }'. Did you mean 'USERS'?
../../node_modules/.pnpm/@fisioflow+shared-api@file+packages+shared-api_react-native@0.76.6_@babel+core@7.28.5_@babel+_oezpnhowhgmaxgqcg66upnk4wi/node_modules/@fisioflow/shared-api/src/firebase/notifications.ts(173,41): error TS2551: Property 'users' does not exist on type '{ readonly USERS: "users"; readonly PROFILES: "profiles"; readonly USER_ROLES: "user_roles"; readonly PRESENCE: "presence"; readonly PATIENTS: "patients"; readonly EVALUATIONS: "evaluations"; ... 8 more ...; readonly ACHIEVEMENTS: "achievements"; }'. Did you mean 'USERS'?
../../node_modules/.pnpm/@fisioflow+shared-api@file+packages+shared-api_react-native@0.76.6_@babel+core@7.28.5_@babel+_oezpnhowhgmaxgqcg66upnk4wi/node_modules/@fisioflow/shared-api/src/firebase/notifications.ts(383,33): error TS2339: Property 'onMessage' does not exist on type 'Messaging'.
../../node_modules/.pnpm/@fisioflow+shared-api@file+packages+shared-api_react-native@0.76.6_@babel+core@7.28.5_@babel+_oezpnhowhgmaxgqcg66upnk4wi/node_modules/@fisioflow/shared-api/src/firebase/query.ts(98,3): error TS2393: Duplicate function implementation.
../../node_modules/.pnpm/@fisioflow+shared-api@file+packages+shared-api_react-native@0.76.6_@babel+core@7.28.5_@babel+_oezpnhowhgmaxgqcg66upnk4wi/node_modules/@fisioflow/shared-api/src/firebase/query.ts(106,9): error TS2393: Duplicate function implementation.
../../node_modules/.pnpm/@fisioflow+shared-api@file+packages+shared-api_react-native@0.76.6_@babel+core@7.28.5_@babel+_oezpnhowhgmaxgqcg66upnk4wi/node_modules/@fisioflow/shared-api/src/firebase/query.ts(140,26): error TS2558: Expected 0 type arguments, but got 1.
../../node_modules/.pnpm/@fisioflow+shared-api@file+packages+shared-api_react-native@0.76.6_@babel+core@7.28.5_@babel+_oezpnhowhgmaxgqcg66upnk4wi/node_modules/@fisioflow/shared-api/src/firebase/query.ts(140,31): error TS2339: Property 'then' does not exist on type 'FirebaseQueryBuilder'.
../../node_modules/.pnpm/@fisioflow+shared-api@file+packages+shared-api_react-native@0.76.6_@babel+core@7.28.5_@babel+_oezpnhowhgmaxgqcg66upnk4wi/node_modules/@fisioflow/shared-api/src/firebase/query.ts(140,37): error TS7006: Parameter 'doc' implicitly has an 'any' type.
../../node_modules/.pnpm/@fisioflow+shared-api@file+packages+shared-api_react-native@0.76.6_@babel+core@7.28.5_@babel+_oezpnhowhgmaxgqcg66upnk4wi/node_modules/@fisioflow/shared-api/src/firebase/query.ts(179,38): error TS2558: Expected 0 type arguments, but got 1.
../../node_modules/.pnpm/@fisioflow+shared-api@file+packages+shared-api_react-native@0.76.6_@babel+core@7.28.5_@babel+_oezpnhowhgmaxgqcg66upnk4wi/node_modules/@fisioflow/shared-api/src/firebase/query.ts(180,16): error TS2322: Type 'FirebaseQueryBuilder' is not assignable to type 'T'.
  'T' could be instantiated with an arbitrary type which could be unrelated to 'FirebaseQueryBuilder'.
../../node_modules/.pnpm/@fisioflow+shared-api@file+packages+shared-api_react-native@0.76.6_@babel+core@7.28.5_@babel+_oezpnhowhgmaxgqcg66upnk4wi/node_modules/@fisioflow/shared-api/src/firestore/realtime/useAppointments.ts(3,20): error TS2307: Cannot find module '../config' or its corresponding type declarations.
../../node_modules/.pnpm/@fisioflow+shared-api@file+packages+shared-api_react-native@0.76.6_@babel+core@7.28.5_@babel+_oezpnhowhgmaxgqcg66upnk4wi/node_modules/@fisioflow/shared-api/src/firestore/realtime/useExercises.ts(3,20): error TS2307: Cannot find module '../config' or its corresponding type declarations.
../../node_modules/.pnpm/@fisioflow+shared-api@file+packages+shared-api_react-native@0.76.6_@babel+core@7.28.5_@babel+_oezpnhowhgmaxgqcg66upnk4wi/node_modules/@fisioflow/shared-api/src/firestore/realtime/useExercises.ts(134,52): error TS2339: Property 'EXERCISE_PROGRESS' does not exist on type '{ readonly USERS: "users"; readonly PROFILES: "profiles"; readonly USER_ROLES: "user_roles"; readonly PRESENCE: "presence"; readonly PATIENTS: "patients"; readonly EVALUATIONS: "evaluations"; ... 8 more ...; readonly ACHIEVEMENTS: "achievements"; }'.
../../node_modules/.pnpm/@fisioflow+shared-api@file+packages+shared-api_react-native@0.76.6_@babel+core@7.28.5_@babel+_oezpnhowhgmaxgqcg66upnk4wi/node_modules/@fisioflow/shared-api/src/firestore/realtime/usePatients.ts(3,20): error TS2307: Cannot find module '../config' or its corresponding type declarations.
../../node_modules/.pnpm/@fisioflow+shared-api@file+packages+shared-api_react-native@0.76.6_@babel+core@7.28.5_@babel+_oezpnhowhgmaxgqcg66upnk4wi/node_modules/@fisioflow/shared-api/src/firestore/realtime/usePatients.ts(32,15): error TS2722: Cannot invoke an object which is possibly 'undefined'.
../../node_modules/.pnpm/@fisioflow+shared-api@file+packages+shared-api_react-native@0.76.6_@babel+core@7.28.5_@babel+_oezpnhowhgmaxgqcg66upnk4wi/node_modules/@fisioflow/shared-api/src/firestore/realtime/usePatients.ts(32,15): error TS18048: 'query' is possibly 'undefined'.
../../node_modules/.pnpm/@fisioflow+shared-api@file+packages+shared-api_react-native@0.76.6_@babel+core@7.28.5_@babel+_oezpnhowhgmaxgqcg66upnk4wi/node_modules/@fisioflow/shared-api/src/firestore/realtime/usePatients.ts(39,15): error TS2722: Cannot invoke an object which is possibly 'undefined'.
../../node_modules/.pnpm/@fisioflow+shared-api@file+packages+shared-api_react-native@0.76.6_@babel+core@7.28.5_@babel+_oezpnhowhgmaxgqcg66upnk4wi/node_modules/@fisioflow/shared-api/src/firestore/realtime/usePatients.ts(39,15): error TS18048: 'query' is possibly 'undefined'.
../../node_modules/.pnpm/@fisioflow+shared-api@file+packages+shared-api_react-native@0.76.6_@babel+core@7.28.5_@babel+_oezpnhowhgmaxgqcg66upnk4wi/node_modules/@fisioflow/shared-api/src/firestore/realtime/usePatients.ts(48,8): error TS7006: Parameter 'snapshot' implicitly has an 'any' type.
../../node_modules/.pnpm/@fisioflow+shared-api@file+packages+shared-api_react-native@0.76.6_@babel+core@7.28.5_@babel+_oezpnhowhgmaxgqcg66upnk4wi/node_modules/@fisioflow/shared-api/src/firestore/realtime/usePatients.ts(50,27): error TS7006: Parameter 'doc' implicitly has an 'any' type.
../../node_modules/.pnpm/@fisioflow+shared-api@file+packages+shared-api_react-native@0.76.6_@babel+core@7.28.5_@babel+_oezpnhowhgmaxgqcg66upnk4wi/node_modules/@fisioflow/shared-api/src/firestore/realtime/usePatients.ts(61,8): error TS7006: Parameter 'err' implicitly has an 'any' type.
../../node_modules/.pnpm/@fisioflow+shared-api@file+packages+shared-api_react-native@0.76.6_@babel+core@7.28.5_@babel+_oezpnhowhgmaxgqcg66upnk4wi/node_modules/@fisioflow/shared-api/src/firestore/realtime/useProgress.ts(3,20): error TS2307: Cannot find module '../config' or its corresponding type declarations.
../../node_modules/.pnpm/@fisioflow+shared-api@file+packages+shared-api_react-native@0.76.6_@babel+core@7.28.5_@babel+_oezpnhowhgmaxgqcg66upnk4wi/node_modules/@fisioflow/shared-api/src/firestore/realtime/useProgress.ts(42,45): error TS2339: Property 'PATIENT_PROGRESS' does not exist on type '{ readonly USERS: "users"; readonly PROFILES: "profiles"; readonly USER_ROLES: "user_roles"; readonly PRESENCE: "presence"; readonly PATIENTS: "patients"; readonly EVALUATIONS: "evaluations"; ... 8 more ...; readonly ACHIEVEMENTS: "achievements"; }'.
../../node_modules/.pnpm/@fisioflow+shared-api@file+packages+shared-api_react-native@0.76.6_@babel+core@7.28.5_@babel+_oezpnhowhgmaxgqcg66upnk4wi/node_modules/@fisioflow/shared-api/src/firestore/realtime/useProgress.ts(105,49): error TS2339: Property 'DAILY_STATS' does not exist on type '{ readonly USERS: "users"; readonly PROFILES: "profiles"; readonly USER_ROLES: "user_roles"; readonly PRESENCE: "presence"; readonly PATIENTS: "patients"; readonly EVALUATIONS: "evaluations"; ... 8 more ...; readonly ACHIEVEMENTS: "achievements"; }'.
../../node_modules/.pnpm/@fisioflow+shared-api@file+packages+shared-api_react-native@0.76.6_@babel+core@7.28.5_@babel+_oezpnhowhgmaxgqcg66upnk4wi/node_modules/@fisioflow/shared-api/src/firestore/realtime/useProgress.ts(112,7): error TS2304: Cannot find name 'orderBy'.
../../node_modules/.pnpm/@fisioflow+shared-api@file+packages+shared-api_react-native@0.76.6_@babel+core@7.28.5_@babel+_oezpnhowhgmaxgqcg66upnk4wi/node_modules/@fisioflow/shared-api/src/firestore/realtime/useProgress.ts(192,43): error TS2339: Property 'PATIENT_PROGRESS' does not exist on type '{ readonly USERS: "users"; readonly PROFILES: "profiles"; readonly USER_ROLES: "user_roles"; readonly PRESENCE: "presence"; readonly PATIENTS: "patients"; readonly EVALUATIONS: "evaluations"; ... 8 more ...; readonly ACHIEVEMENTS: "achievements"; }'.
../../node_modules/.pnpm/@fisioflow+shared-api@file+packages+shared-api_react-native@0.76.6_@babel+core@7.28.5_@babel+_oezpnhowhgmaxgqcg66upnk4wi/node_modules/@fisioflow/shared-api/src/firestore/realtime/useProgress.ts(238,45): error TS2339: Property 'DAILY_STATS' does not exist on type '{ readonly USERS: "users"; readonly PROFILES: "profiles"; readonly USER_ROLES: "user_roles"; readonly PRESENCE: "presence"; readonly PATIENTS: "patients"; readonly EVALUATIONS: "evaluations"; ... 8 more ...; readonly ACHIEVEMENTS: "achievements"; }'.
../../node_modules/.pnpm/@fisioflow+shared-api@file+packages+shared-api_react-native@0.76.6_@babel+core@7.28.5_@babel+_oezpnhowhgmaxgqcg66upnk4wi/node_modules/@fisioflow/shared-api/src/hooks/useAuth.ts(77,62): error TS2551: Property 'users' does not exist on type '{ readonly USERS: "users"; readonly PROFILES: "profiles"; readonly USER_ROLES: "user_roles"; readonly PRESENCE: "presence"; readonly PATIENTS: "patients"; readonly EVALUATIONS: "evaluations"; ... 8 more ...; readonly ACHIEVEMENTS: "achievements"; }'. Did you mean 'USERS'?
../../node_modules/.pnpm/@fisioflow+shared-api@file+packages+shared-api_react-native@0.76.6_@babel+core@7.28.5_@babel+_oezpnhowhgmaxgqcg66upnk4wi/node_modules/@fisioflow/shared-api/src/hooks/useAuth.ts(149,56): error TS2551: Property 'users' does not exist on type '{ readonly USERS: "users"; readonly PROFILES: "profiles"; readonly USER_ROLES: "user_roles"; readonly PRESENCE: "presence"; readonly PATIENTS: "patients"; readonly EVALUATIONS: "evaluations"; ... 8 more ...; readonly ACHIEVEMENTS: "achievements"; }'. Did you mean 'USERS'?
../../node_modules/.pnpm/@fisioflow+shared-api@file+packages+shared-api_react-native@0.76.6_@babel+core@7.28.5_@babel+_oezpnhowhgmaxgqcg66upnk4wi/node_modules/@fisioflow/shared-api/src/hooks/useAuth.ts(213,27): error TS2551: Property 'users' does not exist on type '{ readonly USERS: "users"; readonly PROFILES: "profiles"; readonly USER_ROLES: "user_roles"; readonly PRESENCE: "presence"; readonly PATIENTS: "patients"; readonly EVALUATIONS: "evaluations"; ... 8 more ...; readonly ACHIEVEMENTS: "achievements"; }'. Did you mean 'USERS'?
../../node_modules/.pnpm/@fisioflow+shared-api@file+packages+shared-api_react-native@0.76.6_@babel+core@7.28.5_@babel+_oezpnhowhgmaxgqcg66upnk4wi/node_modules/@fisioflow/shared-api/src/hooks/useAuth.ts(251,24): error TS2345: Argument of type '"/professional"' is not assignable to parameter of type '"/" | RelativePathString | ExternalPathString | `/?${string}` | `/#${string}` | "/_sitemap" | `/_sitemap?${string}` | `/_sitemap#${string}` | "/(auth)/forgot-password" | ... 59 more ... | { ...; }'.
../../node_modules/.pnpm/@fisioflow+shared-api@file+packages+shared-api_react-native@0.76.6_@babel+core@7.28.5_@babel+_oezpnhowhgmaxgqcg66upnk4wi/node_modules/@fisioflow/shared-api/src/hooks/useNotifications.ts(157,21): error TS2345: Argument of type '"/(tabs)/calendar" | "/(drawer)/calendar"' is not assignable to parameter of type '"/" | RelativePathString | ExternalPathString | `/?${string}` | `/#${string}` | "/_sitemap" | `/_sitemap?${string}` | `/_sitemap#${string}` | "/(auth)/forgot-password" | ... 59 more ... | { ...; }'.
  Type '"/(tabs)/calendar"' is not assignable to type '"/" | RelativePathString | ExternalPathString | `/?${string}` | `/#${string}` | "/_sitemap" | `/_sitemap?${string}` | `/_sitemap#${string}` | "/(auth)/forgot-password" | ... 59 more ... | { ...; }'. Did you mean '"/(tabs)/agenda"'?
../../node_modules/.pnpm/@fisioflow+shared-api@file+packages+shared-api_react-native@0.76.6_@babel+core@7.28.5_@babel+_oezpnhowhgmaxgqcg66upnk4wi/node_modules/@fisioflow/shared-api/src/hooks/useNotifications.ts(159,21): error TS2345: Argument of type '"/(tabs)/exercises" | "/(drawer)/exercises"' is not assignable to parameter of type '"/" | RelativePathString | ExternalPathString | `/?${string}` | `/#${string}` | "/_sitemap" | `/_sitemap?${string}` | `/_sitemap#${string}` | "/(auth)/forgot-password" | ... 59 more ... | { ...; }'.
  Type '"/(drawer)/exercises"' is not assignable to type '"/" | RelativePathString | ExternalPathString | `/?${string}` | `/#${string}` | "/_sitemap" | `/_sitemap?${string}` | `/_sitemap#${string}` | "/(auth)/forgot-password" | ... 59 more ... | { ...; }'.
../../node_modules/.pnpm/@fisioflow+shared-api@file+packages+shared-api_react-native@0.76.6_@babel+core@7.28.5_@babel+_oezpnhowhgmaxgqcg66upnk4wi/node_modules/@fisioflow/shared-api/src/hooks/useNotifications.ts(161,21): error TS2345: Argument of type '"/(tabs)/patients" | "/(drawer)/patients"' is not assignable to parameter of type '"/" | RelativePathString | ExternalPathString | `/?${string}` | `/#${string}` | "/_sitemap" | `/_sitemap?${string}` | `/_sitemap#${string}` | "/(auth)/forgot-password" | ... 59 more ... | { ...; }'.
  Type '"/(tabs)/patients"' is not assignable to type '"/" | RelativePathString | ExternalPathString | `/?${string}` | `/#${string}` | "/_sitemap" | `/_sitemap?${string}` | `/_sitemap#${string}` | "/(auth)/forgot-password" | ... 59 more ... | { ...; }'.
../../node_modules/.pnpm/@fisioflow+shared-api@file+packages+shared-api_react-native@0.76.6_@babel+core@7.28.5_@babel+_oezpnhowhgmaxgqcg66upnk4wi/node_modules/@fisioflow/shared-api/src/hooks/useNotifications.ts(163,21): error TS2345: Argument of type '"/(tabs)/settings" | "/(drawer)/settings"' is not assignable to parameter of type '"/" | RelativePathString | ExternalPathString | `/?${string}` | `/#${string}` | "/_sitemap" | `/_sitemap?${string}` | `/_sitemap#${string}` | "/(auth)/forgot-password" | ... 59 more ... | { ...; }'.
  Type '"/(tabs)/settings"' is not assignable to type '"/" | RelativePathString | ExternalPathString | `/?${string}` | `/#${string}` | "/_sitemap" | `/_sitemap?${string}` | `/_sitemap#${string}` | "/(auth)/forgot-password" | ... 59 more ... | { ...; }'.
../../node_modules/.pnpm/@fisioflow+shared-api@file+packages+shared-api_react-native@0.76.6_@babel+core@7.28.5_@babel+_oezpnhowhgmaxgqcg66upnk4wi/node_modules/@fisioflow/shared-api/src/hooks/useNotifications.ts(165,21): error TS2345: Argument of type '"/(tabs)/dashboard" | "/(drawer)/dashboard"' is not assignable to parameter of type '"/" | RelativePathString | ExternalPathString | `/?${string}` | `/#${string}` | "/_sitemap" | `/_sitemap?${string}` | `/_sitemap#${string}` | "/(auth)/forgot-password" | ... 59 more ... | { ...; }'.
  Type '"/(tabs)/dashboard"' is not assignable to type '"/" | RelativePathString | ExternalPathString | `/?${string}` | `/#${string}` | "/_sitemap" | `/_sitemap?${string}` | `/_sitemap#${string}` | "/(auth)/forgot-password" | ... 59 more ... | { ...; }'.
../../node_modules/.pnpm/@fisioflow+shared-api@file+packages+shared-api_react-native@0.76.6_@babel+core@7.28.5_@babel+_oezpnhowhgmaxgqcg66upnk4wi/node_modules/@fisioflow/shared-api/src/hooks/useNotifications.ts(167,21): error TS2345: Argument of type 'string' is not assignable to parameter of type '"/" | RelativePathString | ExternalPathString | `/?${string}` | `/#${string}` | "/_sitemap" | `/_sitemap?${string}` | `/_sitemap#${string}` | "/(auth)/forgot-password" | ... 59 more ... | { ...; }'.
../../node_modules/.pnpm/@fisioflow+shared-api@file+packages+shared-api_react-native@0.76.6_@babel+core@7.28.5_@babel+_oezpnhowhgmaxgqcg66upnk4wi/node_modules/@fisioflow/shared-api/src/hooks/useNotifications.ts(187,21): error TS2345: Argument of type 'NotificationPermissionsStatus' is not assignable to parameter of type 'SetStateAction<PermissionStatus>'.
../../node_modules/.pnpm/@fisioflow+shared-api@file+packages+shared-api_react-native@0.76.6_@babel+core@7.28.5_@babel+_oezpnhowhgmaxgqcg66upnk4wi/node_modules/@fisioflow/shared-api/src/index.ts(7,1): error TS2308: Module './firebase' has already exported a member named 'storage'. Consider explicitly re-exporting to resolve the ambiguity.
../../node_modules/.pnpm/@fisioflow+shared-api@file+packages+shared-api_react-native@0.76.6_@babel+core@7.28.5_@babel+_oezpnhowhgmaxgqcg66upnk4wi/node_modules/@fisioflow/shared-api/src/notifications/NotificationProvider.tsx(32,35): error TS2322: Type 'Promise<{ shouldShowAlert: true; shouldPlaySound: true; shouldSetBadge: true; }>' is not assignable to type 'Promise<NotificationBehavior>'.
  Type '{ shouldShowAlert: true; shouldPlaySound: true; shouldSetBadge: true; }' is missing the following properties from type 'NotificationBehavior': shouldShowBanner, shouldShowList
../../node_modules/.pnpm/@fisioflow+shared-api@file+packages+shared-api_react-native@0.76.6_@babel+core@7.28.5_@babel+_oezpnhowhgmaxgqcg66upnk4wi/node_modules/@fisioflow/shared-api/src/notifications/index.ts(1,15): error TS2307: Cannot find module './push' or its corresponding type declarations.
../../node_modules/.pnpm/@fisioflow+shared-api@file+packages+shared-api_react-native@0.76.6_@babel+core@7.28.5_@babel+_oezpnhowhgmaxgqcg66upnk4wi/node_modules/@fisioflow/shared-api/src/offline/storage.ts(259,3): error TS2322: Type 'any[] | null' is not assignable to type 'any[]'.
  Type 'null' is not assignable to type 'any[]'.
../../node_modules/.pnpm/@fisioflow+shared-api@file+packages+shared-api_react-native@0.76.6_@babel+core@7.28.5_@babel+_oezpnhowhgmaxgqcg66upnk4wi/node_modules/@fisioflow/shared-api/src/offline/storage.ts(290,3): error TS2322: Type 'any[] | null' is not assignable to type 'any[]'.
  Type 'null' is not assignable to type 'any[]'.
../../node_modules/.pnpm/@fisioflow+shared-api@file+packages+shared-api_react-native@0.76.6_@babel+core@7.28.5_@babel+_oezpnhowhgmaxgqcg66upnk4wi/node_modules/@fisioflow/shared-api/src/offline/storage.ts(357,3): error TS2322: Type 'boolean | null' is not assignable to type 'boolean'.
  Type 'null' is not assignable to type 'boolean'.
../../node_modules/.pnpm/@fisioflow+shared-api@file+packages+shared-api_react-native@0.76.6_@babel+core@7.28.5_@babel+_oezpnhowhgmaxgqcg66upnk4wi/node_modules/@fisioflow/shared-api/src/offline/storage.ts(365,3): error TS2322: Type 'boolean | null' is not assignable to type 'boolean'.
  Type 'null' is not assignable to type 'boolean'.
../../node_modules/.pnpm/@fisioflow+shared-api@file+packages+shared-api_react-native@0.76.6_@babel+core@7.28.5_@babel+_oezpnhowhgmaxgqcg66upnk4wi/node_modules/@fisioflow/shared-api/src/offline/storage.ts(373,3): error TS2322: Type 'string | null' is not assignable to type 'string'.
  Type 'null' is not assignable to type 'string'.
../../node_modules/.pnpm/@fisioflow+shared-api@file+packages+shared-api_react-native@0.76.6_@babel+core@7.28.5_@babel+_oezpnhowhgmaxgqcg66upnk4wi/node_modules/@fisioflow/shared-api/src/offline/sync.ts(305,41): error TS2349: This expression is not callable.
  Type 'String' has no call signatures.
../../node_modules/.pnpm/@fisioflow+shared-api@file+packages+shared-api_react-native@0.76.6_@babel+core@7.28.5_@babel+_oezpnhowhgmaxgqcg66upnk4wi/node_modules/@fisioflow/shared-api/src/offline/sync.ts(410,25): error TS2341: Property 'processPendingOperations' is private and only accessible within class 'OfflineSyncService'.
../../node_modules/.pnpm/@fisioflow+shared-ui@file+packages+shared-ui_@types+react@18.3.24_expo-font@14.0.11_expo@54.0_cxpslbqjqqtbikme5bj7paofma/node_modules/@fisioflow/shared-ui/src/components/BottomSheet.tsx(23,17): error TS7022: 'SCREEN_HEIGHT' implicitly has type 'any' because it does not have a type annotation and is referenced directly or indirectly in its own initializer.
../../node_modules/.pnpm/@fisioflow+shared-ui@file+packages+shared-ui_@types+react@18.3.24_expo-font@14.0.11_expo@54.0_cxpslbqjqqtbikme5bj7paofma/node_modules/@fisioflow/shared-ui/src/components/BottomSheet.tsx(23,35): error TS2448: Block-scoped variable 'SCREEN_HEIGHT' used before its declaration.
../../node_modules/.pnpm/@fisioflow+shared-ui@file+packages+shared-ui_@types+react@18.3.24_expo-font@14.0.11_expo@54.0_cxpslbqjqqtbikme5bj7paofma/node_modules/@fisioflow/shared-ui/src/components/BottomSheet.tsx(23,35): error TS2588: Cannot assign to 'SCREEN_HEIGHT' because it is a constant.
../../node_modules/.pnpm/@fisioflow+shared-ui@file+packages+shared-ui_@types+react@18.3.24_expo-font@14.0.11_expo@54.0_cxpslbqjqqtbikme5bj7paofma/node_modules/@fisioflow/shared-ui/src/components/Divider.tsx(67,5): error TS2322: Type 'string | number' is not assignable to type 'DimensionValue | undefined'.
  Type 'string' is not assignable to type 'DimensionValue | undefined'.
../../node_modules/.pnpm/@fisioflow+shared-ui@file+packages+shared-ui_@types+react@18.3.24_expo-font@14.0.11_expo@54.0_cxpslbqjqqtbikme5bj7paofma/node_modules/@fisioflow/shared-ui/src/components/Divider.tsx(70,5): error TS2322: Type 'string | number' is not assignable to type 'DimensionValue | undefined'.
  Type 'string' is not assignable to type 'DimensionValue | undefined'.
../../node_modules/.pnpm/@fisioflow+shared-ui@file+packages+shared-ui_@types+react@18.3.24_expo-font@14.0.11_expo@54.0_cxpslbqjqqtbikme5bj7paofma/node_modules/@fisioflow/shared-ui/src/components/Progress.tsx(184,46): error TS2322: Type '{ strokeDashoffset: number; }' is not assignable to type 'DefaultStyle'.
../../node_modules/.pnpm/@fisioflow+shared-ui@file+packages+shared-ui_@types+react@18.3.24_expo-font@14.0.11_expo@54.0_cxpslbqjqqtbikme5bj7paofma/node_modules/@fisioflow/shared-ui/src/components/Progress.tsx(202,47): error TS17001: JSX elements cannot have multiple attributes with the same name.
../../node_modules/.pnpm/@fisioflow+shared-ui@file+packages+shared-ui_@types+react@18.3.24_expo-font@14.0.11_expo@54.0_cxpslbqjqqtbikme5bj7paofma/node_modules/@fisioflow/shared-ui/src/components/Progress.tsx(203,43): error TS2322: Type '{ transform: { rotate: string; }[]; }' is not assignable to type 'Properties<string | number, string & {}>'.
  Types of property 'transform' are incompatible.
    Type '{ rotate: string; }[]' is not assignable to type 'Transform | undefined'.
      Type '{ rotate: string; }[]' is not assignable to type 'string & {}'.
        Type '{ rotate: string; }[]' is not assignable to type 'string'.
../../node_modules/.pnpm/@fisioflow+shared-ui@file+packages+shared-ui_@types+react@18.3.24_expo-font@14.0.11_expo@54.0_cxpslbqjqqtbikme5bj7paofma/node_modules/@fisioflow/shared-ui/src/components/Progress.tsx(230,11): error TS2607: JSX element class does not support attributes because it does not have a 'props' property.
../../node_modules/.pnpm/@fisioflow+shared-ui@file+packages+shared-ui_@types+react@18.3.24_expo-font@14.0.11_expo@54.0_cxpslbqjqqtbikme5bj7paofma/node_modules/@fisioflow/shared-ui/src/components/Progress.tsx(230,12): error TS2786: 'Text' cannot be used as a JSX component.
  Its type '{ new (data?: string | undefined): Text; prototype: Text; }' is not a valid JSX element type.
    Type '{ new (data?: string | undefined): Text; prototype: Text; }' is not assignable to type 'new (props: any, deprecatedLegacyContext?: any) => Component<any, any, any>'.
      Type 'Text' is missing the following properties from type 'Component<any, any, any>': context, setState, forceUpdate, render, and 3 more.
../../node_modules/.pnpm/@fisioflow+shared-ui@file+packages+shared-ui_@types+react@18.3.24_expo-font@14.0.11_expo@54.0_cxpslbqjqqtbikme5bj7paofma/node_modules/@fisioflow/shared-ui/src/components/Skeleton.tsx(82,9): error TS2769: No overload matches this call.
  Overload 1 of 2, '(props: ViewProps): View', gave the following error.
    Type '{ width: string | number; height: number; borderRadius: number; backgroundColor: string; }' is not assignable to type 'ViewStyle | Falsy | RegisteredStyle<ViewStyle> | RecursiveArray<ViewStyle | Falsy | RegisteredStyle<ViewStyle>> | readonly (ViewStyle | ... 1 more ... | RegisteredStyle<...>)[]'.
      Types of property 'width' are incompatible.
        Type 'string | number' is not assignable to type 'DimensionValue | undefined'.
          Type 'string' is not assignable to type 'DimensionValue | undefined'.
  Overload 2 of 2, '(props: ViewProps, context: any): View', gave the following error.
    Type '{ width: string | number; height: number; borderRadius: number; backgroundColor: string; }' is not assignable to type 'ViewStyle | Falsy | RegisteredStyle<ViewStyle> | RecursiveArray<ViewStyle | Falsy | RegisteredStyle<ViewStyle>> | readonly (ViewStyle | ... 1 more ... | RegisteredStyle<...>)[]'.
      Types of property 'width' are incompatible.
        Type 'string | number' is not assignable to type 'DimensionValue | undefined'.
          Type 'string' is not assignable to type 'DimensionValue | undefined'.
../../node_modules/.pnpm/@fisioflow+shared-ui@file+packages+shared-ui_@types+react@18.3.24_expo-font@14.0.11_expo@54.0_cxpslbqjqqtbikme5bj7paofma/node_modules/@fisioflow/shared-ui/src/components/Skeleton.tsx(93,16): error TS2322: Type 'RegisteredStyle<AbsoluteFillStyle>' is not assignable to type 'ViewStyle | undefined'.
../../node_modules/.pnpm/@fisioflow+shared-ui@file+packages+shared-ui_@types+react@18.3.24_expo-font@14.0.11_expo@54.0_cxpslbqjqqtbikme5bj7paofma/node_modules/@fisioflow/shared-ui/src/components/Switch.tsx(247,30): error TS2304: Cannot find name 'optionValue'.
../../node_modules/.pnpm/@fisioflow+shared-ui@file+packages+shared-ui_@types+react@18.3.24_expo-font@14.0.11_expo@54.0_cxpslbqjqqtbikme5bj7paofma/node_modules/@fisioflow/shared-ui/src/components/Toast.tsx(136,32): error TS2339: Property '_value' does not exist on type 'Value'.
../../node_modules/.pnpm/@fisioflow+shared-ui@file+packages+shared-ui_@types+react@18.3.24_expo-font@14.0.11_expo@54.0_cxpslbqjqqtbikme5bj7paofma/node_modules/@fisioflow/shared-ui/src/components/Toast.tsx(258,13): error TS2345: Argument of type '() => () => boolean' is not assignable to parameter of type 'EffectCallback'.
  Type '() => boolean' is not assignable to type 'void | Destructor'.
    Type '() => boolean' is not assignable to type 'Destructor'.
      Type 'boolean' is not assignable to type 'void | { [UNDEFINED_VOID_ONLY]: never; }'.
../../node_modules/.pnpm/@fisioflow+shared-ui@file+packages+shared-ui_@types+react@18.3.24_expo-font@14.0.11_expo@54.0_cxpslbqjqqtbikme5bj7paofma/node_modules/@fisioflow/shared-ui/src/theme/colors.ts(230,30): error TS2322: Type '{ readonly primary: { readonly 50: "#0C172E"; readonly 100: "#132E5D"; readonly 200: "#1A458C"; readonly 300: "#215CBB"; readonly 400: "#3B82F6"; readonly 500: "#60A5FA"; readonly 600: "#93C5FD"; readonly 700: "#BFDBFE"; readonly 800: "#DBEAFE"; readonly 900: "#EFF6FF"; }; ... 14 more ...; readonly shadowLight: "rgb...' is not assignable to type '{ readonly primary: { readonly 50: "#EFF6FF"; readonly 100: "#DBEAFE"; readonly 200: "#BFDBFE"; readonly 300: "#93C5FD"; readonly 400: "#60A5FA"; readonly 500: "#3B82F6"; readonly 600: "#2563EB"; readonly 700: "#1D4ED8"; readonly 800: "#1E40AF"; readonly 900: "#1E3A8A"; }; ... 14 more ...; readonly shadowLight: "rgb...'.
  The types of 'primary[50]' are incompatible between these types.
    Type '"#0C172E"' is not assignable to type '"#EFF6FF"'.
