../../node_modules/.pnpm/@fisioflow+shared-api@file+packages+shared-api_react-native@0.76.6_@babel+core@7.28.5_@babel+_oezpnhowhgmaxgqcg66upnk4wi/node_modules/@fisioflow/shared-api/src/firebase/notifications.ts(9,25): error TS2307: Cannot find module 'expo-device' or its corresponding type declarations.
../../node_modules/.pnpm/@fisioflow+shared-api@file+packages+shared-api_react-native@0.76.6_@babel+core@7.28.5_@babel+_oezpnhowhgmaxgqcg66upnk4wi/node_modules/@fisioflow/shared-api/src/firebase/notifications.ts(11,21): error TS2614: Module '"./config"' has no exported member 'isSupported'. Did you mean to use 'import isSupported from "./config"' instead?
../../node_modules/.pnpm/@fisioflow+shared-api@file+packages+shared-api_react-native@0.76.6_@babel+core@7.28.5_@babel+_oezpnhowhgmaxgqcg66upnk4wi/node_modules/@fisioflow/shared-api/src/firebase/notifications.ts(52,35): error TS2322: Type 'Promise<{ shouldShowAlert: true; shouldPlaySound: true; shouldSetBadge: true; }>' is not assignable to type 'Promise<NotificationBehavior>'.
  Type '{ shouldShowAlert: true; shouldPlaySound: true; shouldSetBadge: true; }' is missing the following properties from type 'NotificationBehavior': shouldShowBanner, shouldShowList
../../node_modules/.pnpm/@fisioflow+shared-api@file+packages+shared-api_react-native@0.76.6_@babel+core@7.28.5_@babel+_oezpnhowhgmaxgqcg66upnk4wi/node_modules/@fisioflow/shared-api/src/firebase/notifications.ts(104,7): error TS2322: Type 'ExpoPushToken' is not assignable to type 'string'.
../../node_modules/.pnpm/@fisioflow+shared-api@file+packages+shared-api_react-native@0.76.6_@babel+core@7.28.5_@babel+_oezpnhowhgmaxgqcg66upnk4wi/node_modules/@fisioflow/shared-api/src/firebase/notifications.ts(110,42): error TS2339: Property 'getToken' does not exist on type 'Messaging'.
../../node_modules/.pnpm/@fisioflow+shared-api@file+packages+shared-api_react-native@0.76.6_@babel+core@7.28.5_@babel+_oezpnhowhgmaxgqcg66upnk4wi/node_modules/@fisioflow/shared-api/src/firebase/notifications.ts(138,41): error TS2551: Property 'users' does not exist on type '{ readonly USERS: "users"; readonly PROFILES: "profiles"; readonly USER_ROLES: "user_roles"; readonly PRESENCE: "presence"; readonly PATIENTS: "patients"; readonly EVALUATIONS: "evaluations"; ... 8 more ...; readonly ACHIEVEMENTS: "achievements"; }'. Did you mean 'USERS'?
../../node_modules/.pnpm/@fisioflow+shared-api@file+packages+shared-api_react-native@0.76.6_@babel+core@7.28.5_@babel+_oezpnhowhgmaxgqcg66upnk4wi/node_modules/@fisioflow/shared-api/src/firebase/notifications.ts(173,41): error TS2551: Property 'users' does not exist on type '{ readonly USERS: "users"; readonly PROFILES: "profiles"; readonly USER_ROLES: "user_roles"; readonly PRESENCE: "presence"; readonly PATIENTS: "patients"; readonly EVALUATIONS: "evaluations"; ... 8 more ...; readonly ACHIEVEMENTS: "achievements"; }'. Did you mean 'USERS'?
../../node_modules/.pnpm/@fisioflow+shared-api@file+packages+shared-api_react-native@0.76.6_@babel+core@7.28.5_@babel+_oezpnhowhgmaxgqcg66upnk4wi/node_modules/@fisioflow/shared-api/src/firebase/notifications.ts(383,33): error TS2339: Property 'onMessage' does not exist on type 'Messaging'.
../../node_modules/.pnpm/@fisioflow+shared-api@file+packages+shared-api_react-native@0.76.6_@babel+core@7.28.5_@babel+_oezpnhowhgmaxgqcg66upnk4wi/node_modules/@fisioflow/shared-api/src/firebase/query.ts(98,3): error TS2393: Duplicate function implementation.
../../node_modules/.pnpm/@fisioflow+shared-api@file+packages+shared-api_react-native@0.76.6_@babel+core@7.28.5_@babel+_oezpnhowhgmaxgqcg66upnk4wi/node_modules/@fisioflow/shared-api/src/firebase/query.ts(106,9): error TS2393: Duplicate function implementation.
../../node_modules/.pnpm/@fisioflow+shared-api@file+packages+shared-api_react-native@0.76.6_@babel+core@7.28.5_@babel+_oezpnhowhgmaxgqcg66upnk4wi/node_modules/@fisioflow/shared-api/src/firebase/query.ts(140,26): error TS2558: Expected 0 type arguments, but got 1.
../../node_modules/.pnpm/@fisioflow+shared-api@file+packages+shared-api_react-native@0.76.6_@babel+core@7.28.5_@babel+_oezpnhowhgmaxgqcg66upnk4wi/node_modules/@fisioflow/shared-api/src/firebase/query.ts(140,31): error TS2339: Property 'then' does not exist on type 'FirebaseQueryBuilder'.
../../node_modules/.pnpm/@fisioflow+shared-api@file+packages+shared-api_react-native@0.76.6_@babel+core@7.28.5_@babel+_oezpnhowhgmaxgqcg66upnk4wi/node_modules/@fisioflow/shared-api/src/firebase/query.ts(140,37): error TS7006: Parameter 'doc' implicitly has an 'any' type.
../../node_modules/.pnpm/@fisioflow+shared-api@file+packages+shared-api_react-native@0.76.6_@babel+core@7.28.5_@babel+_oezpnhowhgmaxgqcg66upnk4wi/node_modules/@fisioflow/shared-api/src/firebase/query.ts(179,38): error TS2558: Expected 0 type arguments, but got 1.
../../node_modules/.pnpm/@fisioflow+shared-api@file+packages+shared-api_react-native@0.76.6_@babel+core@7.28.5_@babel+_oezpnhowhgmaxgqcg66upnk4wi/node_modules/@fisioflow/shared-api/src/firebase/query.ts(180,16): error TS2322: Type 'FirebaseQueryBuilder' is not assignable to type 'T'.
  'T' could be instantiated with an arbitrary type which could be unrelated to 'FirebaseQueryBuilder'.
../../node_modules/.pnpm/@fisioflow+shared-api@file+packages+shared-api_react-native@0.76.6_@babel+core@7.28.5_@babel+_oezpnhowhgmaxgqcg66upnk4wi/node_modules/@fisioflow/shared-api/src/firestore/realtime/useAppointments.ts(3,20): error TS2307: Cannot find module '../config' or its corresponding type declarations.
../../node_modules/.pnpm/@fisioflow+shared-api@file+packages+shared-api_react-native@0.76.6_@babel+core@7.28.5_@babel+_oezpnhowhgmaxgqcg66upnk4wi/node_modules/@fisioflow/shared-api/src/firestore/realtime/useExercises.ts(3,20): error TS2307: Cannot find module '../config' or its corresponding type declarations.
../../node_modules/.pnpm/@fisioflow+shared-api@file+packages+shared-api_react-native@0.76.6_@babel+core@7.28.5_@babel+_oezpnhowhgmaxgqcg66upnk4wi/node_modules/@fisioflow/shared-api/src/firestore/realtime/useExercises.ts(134,52): error TS2339: Property 'EXERCISE_PROGRESS' does not exist on type '{ readonly USERS: "users"; readonly PROFILES: "profiles"; readonly USER_ROLES: "user_roles"; readonly PRESENCE: "presence"; readonly PATIENTS: "patients"; readonly EVALUATIONS: "evaluations"; ... 8 more ...; readonly ACHIEVEMENTS: "achievements"; }'.
../../node_modules/.pnpm/@fisioflow+shared-api@file+packages+shared-api_react-native@0.76.6_@babel+core@7.28.5_@babel+_oezpnhowhgmaxgqcg66upnk4wi/node_modules/@fisioflow/shared-api/src/firestore/realtime/usePatients.ts(3,20): error TS2307: Cannot find module '../config' or its corresponding type declarations.
../../node_modules/.pnpm/@fisioflow+shared-api@file+packages+shared-api_react-native@0.76.6_@babel+core@7.28.5_@babel+_oezpnhowhgmaxgqcg66upnk4wi/node_modules/@fisioflow/shared-api/src/firestore/realtime/usePatients.ts(32,15): error TS2722: Cannot invoke an object which is possibly 'undefined'.
../../node_modules/.pnpm/@fisioflow+shared-api@file+packages+shared-api_react-native@0.76.6_@babel+core@7.28.5_@babel+_oezpnhowhgmaxgqcg66upnk4wi/node_modules/@fisioflow/shared-api/src/firestore/realtime/usePatients.ts(32,15): error TS18048: 'query' is possibly 'undefined'.
../../node_modules/.pnpm/@fisioflow+shared-api@file+packages+shared-api_react-native@0.76.6_@babel+core@7.28.5_@babel+_oezpnhowhgmaxgqcg66upnk4wi/node_modules/@fisioflow/shared-api/src/firestore/realtime/usePatients.ts(39,15): error TS2722: Cannot invoke an object which is possibly 'undefined'.
../../node_modules/.pnpm/@fisioflow+shared-api@file+packages+shared-api_react-native@0.76.6_@babel+core@7.28.5_@babel+_oezpnhowhgmaxgqcg66upnk4wi/node_modules/@fisioflow/shared-api/src/firestore/realtime/usePatients.ts(39,15): error TS18048: 'query' is possibly 'undefined'.
../../node_modules/.pnpm/@fisioflow+shared-api@file+packages+shared-api_react-native@0.76.6_@babel+core@7.28.5_@babel+_oezpnhowhgmaxgqcg66upnk4wi/node_modules/@fisioflow/shared-api/src/firestore/realtime/usePatients.ts(48,8): error TS7006: Parameter 'snapshot' implicitly has an 'any' type.
../../node_modules/.pnpm/@fisioflow+shared-api@file+packages+shared-api_react-native@0.76.6_@babel+core@7.28.5_@babel+_oezpnhowhgmaxgqcg66upnk4wi/node_modules/@fisioflow/shared-api/src/firestore/realtime/usePatients.ts(50,27): error TS7006: Parameter 'doc' implicitly has an 'any' type.
../../node_modules/.pnpm/@fisioflow+shared-api@file+packages+shared-api_react-native@0.76.6_@babel+core@7.28.5_@babel+_oezpnhowhgmaxgqcg66upnk4wi/node_modules/@fisioflow/shared-api/src/firestore/realtime/usePatients.ts(61,8): error TS7006: Parameter 'err' implicitly has an 'any' type.
../../node_modules/.pnpm/@fisioflow+shared-api@file+packages+shared-api_react-native@0.76.6_@babel+core@7.28.5_@babel+_oezpnhowhgmaxgqcg66upnk4wi/node_modules/@fisioflow/shared-api/src/firestore/realtime/useProgress.ts(3,20): error TS2307: Cannot find module '../config' or its corresponding type declarations.
../../node_modules/.pnpm/@fisioflow+shared-api@file+packages+shared-api_react-native@0.76.6_@babel+core@7.28.5_@babel+_oezpnhowhgmaxgqcg66upnk4wi/node_modules/@fisioflow/shared-api/src/firestore/realtime/useProgress.ts(42,45): error TS2339: Property 'PATIENT_PROGRESS' does not exist on type '{ readonly USERS: "users"; readonly PROFILES: "profiles"; readonly USER_ROLES: "user_roles"; readonly PRESENCE: "presence"; readonly PATIENTS: "patients"; readonly EVALUATIONS: "evaluations"; ... 8 more ...; readonly ACHIEVEMENTS: "achievements"; }'.
../../node_modules/.pnpm/@fisioflow+shared-api@file+packages+shared-api_react-native@0.76.6_@babel+core@7.28.5_@babel+_oezpnhowhgmaxgqcg66upnk4wi/node_modules/@fisioflow/shared-api/src/firestore/realtime/useProgress.ts(105,49): error TS2339: Property 'DAILY_STATS' does not exist on type '{ readonly USERS: "users"; readonly PROFILES: "profiles"; readonly USER_ROLES: "user_roles"; readonly PRESENCE: "presence"; readonly PATIENTS: "patients"; readonly EVALUATIONS: "evaluations"; ... 8 more ...; readonly ACHIEVEMENTS: "achievements"; }'.
../../node_modules/.pnpm/@fisioflow+shared-api@file+packages+shared-api_react-native@0.76.6_@babel+core@7.28.5_@babel+_oezpnhowhgmaxgqcg66upnk4wi/node_modules/@fisioflow/shared-api/src/firestore/realtime/useProgress.ts(112,7): error TS2304: Cannot find name 'orderBy'.
../../node_modules/.pnpm/@fisioflow+shared-api@file+packages+shared-api_react-native@0.76.6_@babel+core@7.28.5_@babel+_oezpnhowhgmaxgqcg66upnk4wi/node_modules/@fisioflow/shared-api/src/firestore/realtime/useProgress.ts(192,43): error TS2339: Property 'PATIENT_PROGRESS' does not exist on type '{ readonly USERS: "users"; readonly PROFILES: "profiles"; readonly USER_ROLES: "user_roles"; readonly PRESENCE: "presence"; readonly PATIENTS: "patients"; readonly EVALUATIONS: "evaluations"; ... 8 more ...; readonly ACHIEVEMENTS: "achievements"; }'.
../../node_modules/.pnpm/@fisioflow+shared-api@file+packages+shared-api_react-native@0.76.6_@babel+core@7.28.5_@babel+_oezpnhowhgmaxgqcg66upnk4wi/node_modules/@fisioflow/shared-api/src/firestore/realtime/useProgress.ts(238,45): error TS2339: Property 'DAILY_STATS' does not exist on type '{ readonly USERS: "users"; readonly PROFILES: "profiles"; readonly USER_ROLES: "user_roles"; readonly PRESENCE: "presence"; readonly PATIENTS: "patients"; readonly EVALUATIONS: "evaluations"; ... 8 more ...; readonly ACHIEVEMENTS: "achievements"; }'.
../../node_modules/.pnpm/@fisioflow+shared-api@file+packages+shared-api_react-native@0.76.6_@babel+core@7.28.5_@babel+_oezpnhowhgmaxgqcg66upnk4wi/node_modules/@fisioflow/shared-api/src/hooks/useAuth.ts(77,62): error TS2551: Property 'users' does not exist on type '{ readonly USERS: "users"; readonly PROFILES: "profiles"; readonly USER_ROLES: "user_roles"; readonly PRESENCE: "presence"; readonly PATIENTS: "patients"; readonly EVALUATIONS: "evaluations"; ... 8 more ...; readonly ACHIEVEMENTS: "achievements"; }'. Did you mean 'USERS'?
../../node_modules/.pnpm/@fisioflow+shared-api@file+packages+shared-api_react-native@0.76.6_@babel+core@7.28.5_@babel+_oezpnhowhgmaxgqcg66upnk4wi/node_modules/@fisioflow/shared-api/src/hooks/useAuth.ts(149,56): error TS2551: Property 'users' does not exist on type '{ readonly USERS: "users"; readonly PROFILES: "profiles"; readonly USER_ROLES: "user_roles"; readonly PRESENCE: "presence"; readonly PATIENTS: "patients"; readonly EVALUATIONS: "evaluations"; ... 8 more ...; readonly ACHIEVEMENTS: "achievements"; }'. Did you mean 'USERS'?
../../node_modules/.pnpm/@fisioflow+shared-api@file+packages+shared-api_react-native@0.76.6_@babel+core@7.28.5_@babel+_oezpnhowhgmaxgqcg66upnk4wi/node_modules/@fisioflow/shared-api/src/hooks/useAuth.ts(213,27): error TS2551: Property 'users' does not exist on type '{ readonly USERS: "users"; readonly PROFILES: "profiles"; readonly USER_ROLES: "user_roles"; readonly PRESENCE: "presence"; readonly PATIENTS: "patients"; readonly EVALUATIONS: "evaluations"; ... 8 more ...; readonly ACHIEVEMENTS: "achievements"; }'. Did you mean 'USERS'?
../../node_modules/.pnpm/@fisioflow+shared-api@file+packages+shared-api_react-native@0.76.6_@babel+core@7.28.5_@babel+_oezpnhowhgmaxgqcg66upnk4wi/node_modules/@fisioflow/shared-api/src/hooks/useNotifications.ts(187,21): error TS2345: Argument of type 'NotificationPermissionsStatus' is not assignable to parameter of type 'SetStateAction<PermissionStatus>'.
../../node_modules/.pnpm/@fisioflow+shared-api@file+packages+shared-api_react-native@0.76.6_@babel+core@7.28.5_@babel+_oezpnhowhgmaxgqcg66upnk4wi/node_modules/@fisioflow/shared-api/src/index.ts(7,1): error TS2308: Module './firebase' has already exported a member named 'storage'. Consider explicitly re-exporting to resolve the ambiguity.
../../node_modules/.pnpm/@fisioflow+shared-api@file+packages+shared-api_react-native@0.76.6_@babel+core@7.28.5_@babel+_oezpnhowhgmaxgqcg66upnk4wi/node_modules/@fisioflow/shared-api/src/notifications/NotificationProvider.tsx(32,35): error TS2322: Type 'Promise<{ shouldShowAlert: true; shouldPlaySound: true; shouldSetBadge: true; }>' is not assignable to type 'Promise<NotificationBehavior>'.
  Type '{ shouldShowAlert: true; shouldPlaySound: true; shouldSetBadge: true; }' is missing the following properties from type 'NotificationBehavior': shouldShowBanner, shouldShowList
../../node_modules/.pnpm/@fisioflow+shared-api@file+packages+shared-api_react-native@0.76.6_@babel+core@7.28.5_@babel+_oezpnhowhgmaxgqcg66upnk4wi/node_modules/@fisioflow/shared-api/src/notifications/index.ts(1,15): error TS2307: Cannot find module './push' or its corresponding type declarations.
../../node_modules/.pnpm/@fisioflow+shared-api@file+packages+shared-api_react-native@0.76.6_@babel+core@7.28.5_@babel+_oezpnhowhgmaxgqcg66upnk4wi/node_modules/@fisioflow/shared-api/src/offline/storage.ts(259,3): error TS2322: Type 'any[] | null' is not assignable to type 'any[]'.
  Type 'null' is not assignable to type 'any[]'.
../../node_modules/.pnpm/@fisioflow+shared-api@file+packages+shared-api_react-native@0.76.6_@babel+core@7.28.5_@babel+_oezpnhowhgmaxgqcg66upnk4wi/node_modules/@fisioflow/shared-api/src/offline/storage.ts(290,3): error TS2322: Type 'any[] | null' is not assignable to type 'any[]'.
  Type 'null' is not assignable to type 'any[]'.
../../node_modules/.pnpm/@fisioflow+shared-api@file+packages+shared-api_react-native@0.76.6_@babel+core@7.28.5_@babel+_oezpnhowhgmaxgqcg66upnk4wi/node_modules/@fisioflow/shared-api/src/offline/storage.ts(357,3): error TS2322: Type 'boolean | null' is not assignable to type 'boolean'.
  Type 'null' is not assignable to type 'boolean'.
../../node_modules/.pnpm/@fisioflow+shared-api@file+packages+shared-api_react-native@0.76.6_@babel+core@7.28.5_@babel+_oezpnhowhgmaxgqcg66upnk4wi/node_modules/@fisioflow/shared-api/src/offline/storage.ts(365,3): error TS2322: Type 'boolean | null' is not assignable to type 'boolean'.
  Type 'null' is not assignable to type 'boolean'.
../../node_modules/.pnpm/@fisioflow+shared-api@file+packages+shared-api_react-native@0.76.6_@babel+core@7.28.5_@babel+_oezpnhowhgmaxgqcg66upnk4wi/node_modules/@fisioflow/shared-api/src/offline/storage.ts(373,3): error TS2322: Type 'string | null' is not assignable to type 'string'.
  Type 'null' is not assignable to type 'string'.
../../node_modules/.pnpm/@fisioflow+shared-api@file+packages+shared-api_react-native@0.76.6_@babel+core@7.28.5_@babel+_oezpnhowhgmaxgqcg66upnk4wi/node_modules/@fisioflow/shared-api/src/offline/sync.ts(305,41): error TS2349: This expression is not callable.
  Type 'String' has no call signatures.
../../node_modules/.pnpm/@fisioflow+shared-api@file+packages+shared-api_react-native@0.76.6_@babel+core@7.28.5_@babel+_oezpnhowhgmaxgqcg66upnk4wi/node_modules/@fisioflow/shared-api/src/offline/sync.ts(410,25): error TS2341: Property 'processPendingOperations' is private and only accessible within class 'OfflineSyncService'.
../../node_modules/.pnpm/@fisioflow+shared-ui@file+packages+shared-ui_@types+react@18.3.24_expo-font@14.0.11_expo@54.0_cxpslbqjqqtbikme5bj7paofma/node_modules/@fisioflow/shared-ui/src/components/Loading.tsx(93,52): error TS2339: Property 'primary' does not exist on type 'string'.
../../node_modules/.pnpm/@fisioflow+shared-ui@file+packages+shared-ui_@types+react@18.3.24_expo-font@14.0.11_expo@54.0_cxpslbqjqqtbikme5bj7paofma/node_modules/@fisioflow/shared-ui/src/components/Loading.tsx(148,54): error TS2339: Property 'elevated' does not exist on type 'string'.
../../node_modules/.pnpm/@fisioflow+shared-ui@file+packages+shared-ui_@types+react@18.3.24_expo-font@14.0.11_expo@54.0_cxpslbqjqqtbikme5bj7paofma/node_modules/@fisioflow/shared-ui/src/components/Progress.tsx(185,46): error TS2322: Type '{ strokeDashoffset: number; }' is not assignable to type 'DefaultStyle'.
../../node_modules/.pnpm/@fisioflow+shared-ui@file+packages+shared-ui_@types+react@18.3.24_expo-font@14.0.11_expo@54.0_cxpslbqjqqtbikme5bj7paofma/node_modules/@fisioflow/shared-ui/src/components/Progress.tsx(222,15): error TS2322: Type 'DefaultStyle' is not assignable to type 'NestedArray<CSSStyle<ComponentPropsWithoutStyle<Partial<Readonly<CircleProps | Readonly<CircleProps>>>>>> | undefined'.
  Type 'ViewStyle' is not assignable to type 'NestedArray<CSSStyle<ComponentPropsWithoutStyle<Partial<Readonly<CircleProps | Readonly<CircleProps>>>>>> | undefined'.
    Type 'ViewStyle' is not assignable to type 'CSSStyle<ComponentPropsWithoutStyle<Partial<Readonly<CircleProps | Readonly<CircleProps>>>>>'.
      Type 'ViewStyle' is not assignable to type 'ComponentPropsWithoutStyle<Partial<Readonly<CircleProps | Readonly<CircleProps>>>>'.
        Types of property 'scaleX' are incompatible.
          Type 'AnimatableNumericValue | undefined' is not assignable to type 'NumberProp | undefined'.
            Type 'AnimatedNode' is not assignable to type 'NumberProp | undefined'.
../../node_modules/.pnpm/@fisioflow+shared-ui@file+packages+shared-ui_@types+react@18.3.24_expo-font@14.0.11_expo@54.0_cxpslbqjqqtbikme5bj7paofma/node_modules/@fisioflow/shared-ui/src/components/Progress.tsx(231,11): error TS2607: JSX element class does not support attributes because it does not have a 'props' property.
../../node_modules/.pnpm/@fisioflow+shared-ui@file+packages+shared-ui_@types+react@18.3.24_expo-font@14.0.11_expo@54.0_cxpslbqjqqtbikme5bj7paofma/node_modules/@fisioflow/shared-ui/src/components/Progress.tsx(231,12): error TS2786: 'Text' cannot be used as a JSX component.
  Its type '{ new (data?: string | undefined): Text; prototype: Text; }' is not a valid JSX element type.
    Type '{ new (data?: string | undefined): Text; prototype: Text; }' is not assignable to type 'new (props: any, deprecatedLegacyContext?: any) => Component<any, any, any>'.
      Type 'Text' is missing the following properties from type 'Component<any, any, any>': context, setState, forceUpdate, render, and 3 more.
