<testsuites id="" name="" tests="13" failures="12" skipped="0" errors="0" time="457.787103">
<testsuite name="mobile-views.spec.ts" timestamp="2026-02-27T20:28:30.497Z" hostname="mobile" tests="13" failures="12" skipped="0" time="406.882" errors="0">
<testcase name="Fluxo de Autenticação - App Paciente › Login › deve fazer login com credenciais válidas" classname="mobile-views.spec.ts" time="37.808">
<failure message="auth-flow.spec.ts:111:9 deve fazer login com credenciais válidas" type="FAILURE">
<![CDATA[  [mobile] › auth-flow.spec.ts:111:9 › Fluxo de Autenticação - App Paciente › Login › deve fazer login com credenciais válidas 

    TimeoutError: page.fill: Timeout 10000ms exceeded.
    Call log:
      - waiting for locator('[data-testid="email-input"]')


      37 |
      38 |   // Preencher credenciais
    > 39 |   await page.fill('[data-testid="email-input"]', credentials.email);
         |              ^
      40 |   await page.fill('[data-testid="password-input"]', credentials.password);
      41 |
      42 |   // Clicar no botão de login
        at patientLogin (/home/rafael/Documents/fisioflow/fisioflow-51658291/patient-app/e2e/auth-flow.spec.ts:39:14)
        at /home/rafael/Documents/fisioflow/fisioflow-51658291/patient-app/e2e/auth-flow.spec.ts:112:7

    attachment #1: screenshot (image/png) ──────────────────────────────────────────────────────────
    ../test-results/mobile-views-Fluxo-de-Aute-39b30-gin-com-credenciais-válidas-mobile/test-failed-1.png
    ────────────────────────────────────────────────────────────────────────────────────────────────

    Error Context: ../test-results/mobile-views-Fluxo-de-Aute-39b30-gin-com-credenciais-válidas-mobile/error-context.md

    attachment #3: trace (application/zip) ─────────────────────────────────────────────────────────
    ../test-results/mobile-views-Fluxo-de-Aute-39b30-gin-com-credenciais-válidas-mobile/trace.zip
    Usage:

        npx playwright show-trace ../test-results/mobile-views-Fluxo-de-Aute-39b30-gin-com-credenciais-válidas-mobile/trace.zip

    ────────────────────────────────────────────────────────────────────────────────────────────────

    Retry #1 ───────────────────────────────────────────────────────────────────────────────────────

    TimeoutError: page.fill: Timeout 10000ms exceeded.
    Call log:
      - waiting for locator('[data-testid="email-input"]')


      37 |
      38 |   // Preencher credenciais
    > 39 |   await page.fill('[data-testid="email-input"]', credentials.email);
         |              ^
      40 |   await page.fill('[data-testid="password-input"]', credentials.password);
      41 |
      42 |   // Clicar no botão de login
        at patientLogin (/home/rafael/Documents/fisioflow/fisioflow-51658291/patient-app/e2e/auth-flow.spec.ts:39:14)
        at /home/rafael/Documents/fisioflow/fisioflow-51658291/patient-app/e2e/auth-flow.spec.ts:112:7

    attachment #1: screenshot (image/png) ──────────────────────────────────────────────────────────
    ../test-results/mobile-views-Fluxo-de-Aute-39b30-gin-com-credenciais-válidas-mobile-retry1/test-failed-1.png
    ────────────────────────────────────────────────────────────────────────────────────────────────

    Error Context: ../test-results/mobile-views-Fluxo-de-Aute-39b30-gin-com-credenciais-válidas-mobile-retry1/error-context.md

    attachment #3: trace (application/zip) ─────────────────────────────────────────────────────────
    ../test-results/mobile-views-Fluxo-de-Aute-39b30-gin-com-credenciais-válidas-mobile-retry1/trace.zip
    Usage:

        npx playwright show-trace ../test-results/mobile-views-Fluxo-de-Aute-39b30-gin-com-credenciais-válidas-mobile-retry1/trace.zip

    ────────────────────────────────────────────────────────────────────────────────────────────────

    Retry #2 ───────────────────────────────────────────────────────────────────────────────────────

    TimeoutError: page.fill: Timeout 10000ms exceeded.
    Call log:
      - waiting for locator('[data-testid="email-input"]')


      37 |
      38 |   // Preencher credenciais
    > 39 |   await page.fill('[data-testid="email-input"]', credentials.email);
         |              ^
      40 |   await page.fill('[data-testid="password-input"]', credentials.password);
      41 |
      42 |   // Clicar no botão de login
        at patientLogin (/home/rafael/Documents/fisioflow/fisioflow-51658291/patient-app/e2e/auth-flow.spec.ts:39:14)
        at /home/rafael/Documents/fisioflow/fisioflow-51658291/patient-app/e2e/auth-flow.spec.ts:112:7

    attachment #1: screenshot (image/png) ──────────────────────────────────────────────────────────
    ../test-results/mobile-views-Fluxo-de-Aute-39b30-gin-com-credenciais-válidas-mobile-retry2/test-failed-1.png
    ────────────────────────────────────────────────────────────────────────────────────────────────

    Error Context: ../test-results/mobile-views-Fluxo-de-Aute-39b30-gin-com-credenciais-válidas-mobile-retry2/error-context.md

    attachment #3: trace (application/zip) ─────────────────────────────────────────────────────────
    ../test-results/mobile-views-Fluxo-de-Aute-39b30-gin-com-credenciais-válidas-mobile-retry2/trace.zip
    Usage:

        npx playwright show-trace ../test-results/mobile-views-Fluxo-de-Aute-39b30-gin-com-credenciais-válidas-mobile-retry2/trace.zip

    ────────────────────────────────────────────────────────────────────────────────────────────────
]]>
</failure>
<system-out>
<![CDATA[
[[ATTACHMENT|test-results/mobile-views-Fluxo-de-Aute-39b30-gin-com-credenciais-válidas-mobile/test-failed-1.png]]

[[ATTACHMENT|test-results/mobile-views-Fluxo-de-Aute-39b30-gin-com-credenciais-válidas-mobile/error-context.md]]

[[ATTACHMENT|test-results/mobile-views-Fluxo-de-Aute-39b30-gin-com-credenciais-válidas-mobile/trace.zip]]

[[ATTACHMENT|test-results/mobile-views-Fluxo-de-Aute-39b30-gin-com-credenciais-válidas-mobile-retry1/test-failed-1.png]]

[[ATTACHMENT|test-results/mobile-views-Fluxo-de-Aute-39b30-gin-com-credenciais-válidas-mobile-retry1/error-context.md]]

[[ATTACHMENT|test-results/mobile-views-Fluxo-de-Aute-39b30-gin-com-credenciais-válidas-mobile-retry1/trace.zip]]

[[ATTACHMENT|test-results/mobile-views-Fluxo-de-Aute-39b30-gin-com-credenciais-válidas-mobile-retry2/test-failed-1.png]]

[[ATTACHMENT|test-results/mobile-views-Fluxo-de-Aute-39b30-gin-com-credenciais-válidas-mobile-retry2/error-context.md]]

[[ATTACHMENT|test-results/mobile-views-Fluxo-de-Aute-39b30-gin-com-credenciais-válidas-mobile-retry2/trace.zip]]
]]>
</system-out>
</testcase>
<testcase name="Fluxo de Autenticação - App Paciente › Login › deve mostrar erro com credenciais inválidas" classname="mobile-views.spec.ts" time="37.912">
<failure message="auth-flow.spec.ts:119:9 deve mostrar erro com credenciais inválidas" type="FAILURE">
<![CDATA[  [mobile] › auth-flow.spec.ts:119:9 › Fluxo de Autenticação - App Paciente › Login › deve mostrar erro com credenciais inválidas 

    TimeoutError: page.fill: Timeout 10000ms exceeded.
    Call log:
      - waiting for locator('[data-testid="email-input"]')


      119 |     test('deve mostrar erro com credenciais inválidas', async () => {
      120 |       await page.goto('/(auth)/login');
    > 121 |       await page.fill('[data-testid="email-input"]', 'invalid@example.com');
          |                  ^
      122 |       await page.fill('[data-testid="password-input"]', 'wrongpassword');
      123 |       await page.click('[data-testid="login-button"]');
      124 |
        at /home/rafael/Documents/fisioflow/fisioflow-51658291/patient-app/e2e/auth-flow.spec.ts:121:18

    attachment #1: screenshot (image/png) ──────────────────────────────────────────────────────────
    ../test-results/mobile-views-Fluxo-de-Aute-9b04d-o-com-credenciais-inválidas-mobile/test-failed-1.png
    ────────────────────────────────────────────────────────────────────────────────────────────────

    Error Context: ../test-results/mobile-views-Fluxo-de-Aute-9b04d-o-com-credenciais-inválidas-mobile/error-context.md

    attachment #3: trace (application/zip) ─────────────────────────────────────────────────────────
    ../test-results/mobile-views-Fluxo-de-Aute-9b04d-o-com-credenciais-inválidas-mobile/trace.zip
    Usage:

        npx playwright show-trace ../test-results/mobile-views-Fluxo-de-Aute-9b04d-o-com-credenciais-inválidas-mobile/trace.zip

    ────────────────────────────────────────────────────────────────────────────────────────────────

    Retry #1 ───────────────────────────────────────────────────────────────────────────────────────

    TimeoutError: page.fill: Timeout 10000ms exceeded.
    Call log:
      - waiting for locator('[data-testid="email-input"]')


      119 |     test('deve mostrar erro com credenciais inválidas', async () => {
      120 |       await page.goto('/(auth)/login');
    > 121 |       await page.fill('[data-testid="email-input"]', 'invalid@example.com');
          |                  ^
      122 |       await page.fill('[data-testid="password-input"]', 'wrongpassword');
      123 |       await page.click('[data-testid="login-button"]');
      124 |
        at /home/rafael/Documents/fisioflow/fisioflow-51658291/patient-app/e2e/auth-flow.spec.ts:121:18

    attachment #1: screenshot (image/png) ──────────────────────────────────────────────────────────
    ../test-results/mobile-views-Fluxo-de-Aute-9b04d-o-com-credenciais-inválidas-mobile-retry1/test-failed-1.png
    ────────────────────────────────────────────────────────────────────────────────────────────────

    Error Context: ../test-results/mobile-views-Fluxo-de-Aute-9b04d-o-com-credenciais-inválidas-mobile-retry1/error-context.md

    attachment #3: trace (application/zip) ─────────────────────────────────────────────────────────
    ../test-results/mobile-views-Fluxo-de-Aute-9b04d-o-com-credenciais-inválidas-mobile-retry1/trace.zip
    Usage:

        npx playwright show-trace ../test-results/mobile-views-Fluxo-de-Aute-9b04d-o-com-credenciais-inválidas-mobile-retry1/trace.zip

    ────────────────────────────────────────────────────────────────────────────────────────────────

    Retry #2 ───────────────────────────────────────────────────────────────────────────────────────

    TimeoutError: page.fill: Timeout 10000ms exceeded.
    Call log:
      - waiting for locator('[data-testid="email-input"]')


      119 |     test('deve mostrar erro com credenciais inválidas', async () => {
      120 |       await page.goto('/(auth)/login');
    > 121 |       await page.fill('[data-testid="email-input"]', 'invalid@example.com');
          |                  ^
      122 |       await page.fill('[data-testid="password-input"]', 'wrongpassword');
      123 |       await page.click('[data-testid="login-button"]');
      124 |
        at /home/rafael/Documents/fisioflow/fisioflow-51658291/patient-app/e2e/auth-flow.spec.ts:121:18

    attachment #1: screenshot (image/png) ──────────────────────────────────────────────────────────
    ../test-results/mobile-views-Fluxo-de-Aute-9b04d-o-com-credenciais-inválidas-mobile-retry2/test-failed-1.png
    ────────────────────────────────────────────────────────────────────────────────────────────────

    Error Context: ../test-results/mobile-views-Fluxo-de-Aute-9b04d-o-com-credenciais-inválidas-mobile-retry2/error-context.md

    attachment #3: trace (application/zip) ─────────────────────────────────────────────────────────
    ../test-results/mobile-views-Fluxo-de-Aute-9b04d-o-com-credenciais-inválidas-mobile-retry2/trace.zip
    Usage:

        npx playwright show-trace ../test-results/mobile-views-Fluxo-de-Aute-9b04d-o-com-credenciais-inválidas-mobile-retry2/trace.zip

    ────────────────────────────────────────────────────────────────────────────────────────────────
]]>
</failure>
<system-out>
<![CDATA[
[[ATTACHMENT|test-results/mobile-views-Fluxo-de-Aute-9b04d-o-com-credenciais-inválidas-mobile/test-failed-1.png]]

[[ATTACHMENT|test-results/mobile-views-Fluxo-de-Aute-9b04d-o-com-credenciais-inválidas-mobile/error-context.md]]

[[ATTACHMENT|test-results/mobile-views-Fluxo-de-Aute-9b04d-o-com-credenciais-inválidas-mobile/trace.zip]]

[[ATTACHMENT|test-results/mobile-views-Fluxo-de-Aute-9b04d-o-com-credenciais-inválidas-mobile-retry1/test-failed-1.png]]

[[ATTACHMENT|test-results/mobile-views-Fluxo-de-Aute-9b04d-o-com-credenciais-inválidas-mobile-retry1/error-context.md]]

[[ATTACHMENT|test-results/mobile-views-Fluxo-de-Aute-9b04d-o-com-credenciais-inválidas-mobile-retry1/trace.zip]]

[[ATTACHMENT|test-results/mobile-views-Fluxo-de-Aute-9b04d-o-com-credenciais-inválidas-mobile-retry2/test-failed-1.png]]

[[ATTACHMENT|test-results/mobile-views-Fluxo-de-Aute-9b04d-o-com-credenciais-inválidas-mobile-retry2/error-context.md]]

[[ATTACHMENT|test-results/mobile-views-Fluxo-de-Aute-9b04d-o-com-credenciais-inválidas-mobile-retry2/trace.zip]]
]]>
</system-out>
</testcase>
<testcase name="Fluxo de Autenticação - App Paciente › Login › deve validar formato de email" classname="mobile-views.spec.ts" time="37.588">
<failure message="auth-flow.spec.ts:129:9 deve validar formato de email" type="FAILURE">
<![CDATA[  [mobile] › auth-flow.spec.ts:129:9 › Fluxo de Autenticação - App Paciente › Login › deve validar formato de email 

    TimeoutError: page.fill: Timeout 10000ms exceeded.
    Call log:
      - waiting for locator('[data-testid="email-input"]')


      129 |     test('deve validar formato de email', async () => {
      130 |       await page.goto('/(auth)/login');
    > 131 |       await page.fill('[data-testid="email-input"]', 'not-an-email');
          |                  ^
      132 |       await page.fill('[data-testid="password-input"]', 'password123');
      133 |       await page.click('[data-testid="login-button"]');
      134 |
        at /home/rafael/Documents/fisioflow/fisioflow-51658291/patient-app/e2e/auth-flow.spec.ts:131:18

    attachment #1: screenshot (image/png) ──────────────────────────────────────────────────────────
    ../test-results/mobile-views-Fluxo-de-Aute-6e660-ve-validar-formato-de-email-mobile/test-failed-1.png
    ────────────────────────────────────────────────────────────────────────────────────────────────

    Error Context: ../test-results/mobile-views-Fluxo-de-Aute-6e660-ve-validar-formato-de-email-mobile/error-context.md

    attachment #3: trace (application/zip) ─────────────────────────────────────────────────────────
    ../test-results/mobile-views-Fluxo-de-Aute-6e660-ve-validar-formato-de-email-mobile/trace.zip
    Usage:

        npx playwright show-trace ../test-results/mobile-views-Fluxo-de-Aute-6e660-ve-validar-formato-de-email-mobile/trace.zip

    ────────────────────────────────────────────────────────────────────────────────────────────────

    Retry #1 ───────────────────────────────────────────────────────────────────────────────────────

    TimeoutError: page.fill: Timeout 10000ms exceeded.
    Call log:
      - waiting for locator('[data-testid="email-input"]')


      129 |     test('deve validar formato de email', async () => {
      130 |       await page.goto('/(auth)/login');
    > 131 |       await page.fill('[data-testid="email-input"]', 'not-an-email');
          |                  ^
      132 |       await page.fill('[data-testid="password-input"]', 'password123');
      133 |       await page.click('[data-testid="login-button"]');
      134 |
        at /home/rafael/Documents/fisioflow/fisioflow-51658291/patient-app/e2e/auth-flow.spec.ts:131:18

    attachment #1: screenshot (image/png) ──────────────────────────────────────────────────────────
    ../test-results/mobile-views-Fluxo-de-Aute-6e660-ve-validar-formato-de-email-mobile-retry1/test-failed-1.png
    ────────────────────────────────────────────────────────────────────────────────────────────────

    Error Context: ../test-results/mobile-views-Fluxo-de-Aute-6e660-ve-validar-formato-de-email-mobile-retry1/error-context.md

    attachment #3: trace (application/zip) ─────────────────────────────────────────────────────────
    ../test-results/mobile-views-Fluxo-de-Aute-6e660-ve-validar-formato-de-email-mobile-retry1/trace.zip
    Usage:

        npx playwright show-trace ../test-results/mobile-views-Fluxo-de-Aute-6e660-ve-validar-formato-de-email-mobile-retry1/trace.zip

    ────────────────────────────────────────────────────────────────────────────────────────────────

    Retry #2 ───────────────────────────────────────────────────────────────────────────────────────

    TimeoutError: page.fill: Timeout 10000ms exceeded.
    Call log:
      - waiting for locator('[data-testid="email-input"]')


      129 |     test('deve validar formato de email', async () => {
      130 |       await page.goto('/(auth)/login');
    > 131 |       await page.fill('[data-testid="email-input"]', 'not-an-email');
          |                  ^
      132 |       await page.fill('[data-testid="password-input"]', 'password123');
      133 |       await page.click('[data-testid="login-button"]');
      134 |
        at /home/rafael/Documents/fisioflow/fisioflow-51658291/patient-app/e2e/auth-flow.spec.ts:131:18

    attachment #1: screenshot (image/png) ──────────────────────────────────────────────────────────
    ../test-results/mobile-views-Fluxo-de-Aute-6e660-ve-validar-formato-de-email-mobile-retry2/test-failed-1.png
    ────────────────────────────────────────────────────────────────────────────────────────────────

    Error Context: ../test-results/mobile-views-Fluxo-de-Aute-6e660-ve-validar-formato-de-email-mobile-retry2/error-context.md

    attachment #3: trace (application/zip) ─────────────────────────────────────────────────────────
    ../test-results/mobile-views-Fluxo-de-Aute-6e660-ve-validar-formato-de-email-mobile-retry2/trace.zip
    Usage:

        npx playwright show-trace ../test-results/mobile-views-Fluxo-de-Aute-6e660-ve-validar-formato-de-email-mobile-retry2/trace.zip

    ────────────────────────────────────────────────────────────────────────────────────────────────
]]>
</failure>
<system-out>
<![CDATA[
[[ATTACHMENT|test-results/mobile-views-Fluxo-de-Aute-6e660-ve-validar-formato-de-email-mobile/test-failed-1.png]]

[[ATTACHMENT|test-results/mobile-views-Fluxo-de-Aute-6e660-ve-validar-formato-de-email-mobile/error-context.md]]

[[ATTACHMENT|test-results/mobile-views-Fluxo-de-Aute-6e660-ve-validar-formato-de-email-mobile/trace.zip]]

[[ATTACHMENT|test-results/mobile-views-Fluxo-de-Aute-6e660-ve-validar-formato-de-email-mobile-retry1/test-failed-1.png]]

[[ATTACHMENT|test-results/mobile-views-Fluxo-de-Aute-6e660-ve-validar-formato-de-email-mobile-retry1/error-context.md]]

[[ATTACHMENT|test-results/mobile-views-Fluxo-de-Aute-6e660-ve-validar-formato-de-email-mobile-retry1/trace.zip]]

[[ATTACHMENT|test-results/mobile-views-Fluxo-de-Aute-6e660-ve-validar-formato-de-email-mobile-retry2/test-failed-1.png]]

[[ATTACHMENT|test-results/mobile-views-Fluxo-de-Aute-6e660-ve-validar-formato-de-email-mobile-retry2/error-context.md]]

[[ATTACHMENT|test-results/mobile-views-Fluxo-de-Aute-6e660-ve-validar-formato-de-email-mobile-retry2/trace.zip]]
]]>
</system-out>
</testcase>
<testcase name="Fluxo de Autenticação - App Paciente › Registro › deve registrar novo paciente com sucesso" classname="mobile-views.spec.ts" time="37.705">
<failure message="auth-flow.spec.ts:141:9 deve registrar novo paciente com sucesso" type="FAILURE">
<![CDATA[  [mobile] › auth-flow.spec.ts:141:9 › Fluxo de Autenticação - App Paciente › Registro › deve registrar novo paciente com sucesso 

    TimeoutError: page.fill: Timeout 10000ms exceeded.
    Call log:
      - waiting for locator('[data-testid="name-input"]')


      62 |   await page.goto('/(auth)/register');
      63 |
    > 64 |   await page.fill('[data-testid="name-input"]', userData.name);
         |              ^
      65 |   await page.fill('[data-testid="email-input"]', userData.email);
      66 |   await page.fill('[data-testid="phone-input"]', userData.phone || '');
      67 |   await page.fill('[data-testid="password-input"]', userData.password);
        at registerPatient (/home/rafael/Documents/fisioflow/fisioflow-51658291/patient-app/e2e/auth-flow.spec.ts:64:14)
        at /home/rafael/Documents/fisioflow/fisioflow-51658291/patient-app/e2e/auth-flow.spec.ts:150:7

    attachment #1: screenshot (image/png) ──────────────────────────────────────────────────────────
    ../test-results/mobile-views-Fluxo-de-Aute-ff891-r-novo-paciente-com-sucesso-mobile/test-failed-1.png
    ────────────────────────────────────────────────────────────────────────────────────────────────

    Error Context: ../test-results/mobile-views-Fluxo-de-Aute-ff891-r-novo-paciente-com-sucesso-mobile/error-context.md

    attachment #3: trace (application/zip) ─────────────────────────────────────────────────────────
    ../test-results/mobile-views-Fluxo-de-Aute-ff891-r-novo-paciente-com-sucesso-mobile/trace.zip
    Usage:

        npx playwright show-trace ../test-results/mobile-views-Fluxo-de-Aute-ff891-r-novo-paciente-com-sucesso-mobile/trace.zip

    ────────────────────────────────────────────────────────────────────────────────────────────────

    Retry #1 ───────────────────────────────────────────────────────────────────────────────────────

    TimeoutError: page.fill: Timeout 10000ms exceeded.
    Call log:
      - waiting for locator('[data-testid="name-input"]')


      62 |   await page.goto('/(auth)/register');
      63 |
    > 64 |   await page.fill('[data-testid="name-input"]', userData.name);
         |              ^
      65 |   await page.fill('[data-testid="email-input"]', userData.email);
      66 |   await page.fill('[data-testid="phone-input"]', userData.phone || '');
      67 |   await page.fill('[data-testid="password-input"]', userData.password);
        at registerPatient (/home/rafael/Documents/fisioflow/fisioflow-51658291/patient-app/e2e/auth-flow.spec.ts:64:14)
        at /home/rafael/Documents/fisioflow/fisioflow-51658291/patient-app/e2e/auth-flow.spec.ts:150:7

    attachment #1: screenshot (image/png) ──────────────────────────────────────────────────────────
    ../test-results/mobile-views-Fluxo-de-Aute-ff891-r-novo-paciente-com-sucesso-mobile-retry1/test-failed-1.png
    ────────────────────────────────────────────────────────────────────────────────────────────────

    Error Context: ../test-results/mobile-views-Fluxo-de-Aute-ff891-r-novo-paciente-com-sucesso-mobile-retry1/error-context.md

    attachment #3: trace (application/zip) ─────────────────────────────────────────────────────────
    ../test-results/mobile-views-Fluxo-de-Aute-ff891-r-novo-paciente-com-sucesso-mobile-retry1/trace.zip
    Usage:

        npx playwright show-trace ../test-results/mobile-views-Fluxo-de-Aute-ff891-r-novo-paciente-com-sucesso-mobile-retry1/trace.zip

    ────────────────────────────────────────────────────────────────────────────────────────────────

    Retry #2 ───────────────────────────────────────────────────────────────────────────────────────

    TimeoutError: page.fill: Timeout 10000ms exceeded.
    Call log:
      - waiting for locator('[data-testid="name-input"]')


      62 |   await page.goto('/(auth)/register');
      63 |
    > 64 |   await page.fill('[data-testid="name-input"]', userData.name);
         |              ^
      65 |   await page.fill('[data-testid="email-input"]', userData.email);
      66 |   await page.fill('[data-testid="phone-input"]', userData.phone || '');
      67 |   await page.fill('[data-testid="password-input"]', userData.password);
        at registerPatient (/home/rafael/Documents/fisioflow/fisioflow-51658291/patient-app/e2e/auth-flow.spec.ts:64:14)
        at /home/rafael/Documents/fisioflow/fisioflow-51658291/patient-app/e2e/auth-flow.spec.ts:150:7

    attachment #1: screenshot (image/png) ──────────────────────────────────────────────────────────
    ../test-results/mobile-views-Fluxo-de-Aute-ff891-r-novo-paciente-com-sucesso-mobile-retry2/test-failed-1.png
    ────────────────────────────────────────────────────────────────────────────────────────────────

    Error Context: ../test-results/mobile-views-Fluxo-de-Aute-ff891-r-novo-paciente-com-sucesso-mobile-retry2/error-context.md

    attachment #3: trace (application/zip) ─────────────────────────────────────────────────────────
    ../test-results/mobile-views-Fluxo-de-Aute-ff891-r-novo-paciente-com-sucesso-mobile-retry2/trace.zip
    Usage:

        npx playwright show-trace ../test-results/mobile-views-Fluxo-de-Aute-ff891-r-novo-paciente-com-sucesso-mobile-retry2/trace.zip

    ────────────────────────────────────────────────────────────────────────────────────────────────
]]>
</failure>
<system-out>
<![CDATA[
[[ATTACHMENT|test-results/mobile-views-Fluxo-de-Aute-ff891-r-novo-paciente-com-sucesso-mobile/test-failed-1.png]]

[[ATTACHMENT|test-results/mobile-views-Fluxo-de-Aute-ff891-r-novo-paciente-com-sucesso-mobile/error-context.md]]

[[ATTACHMENT|test-results/mobile-views-Fluxo-de-Aute-ff891-r-novo-paciente-com-sucesso-mobile/trace.zip]]

[[ATTACHMENT|test-results/mobile-views-Fluxo-de-Aute-ff891-r-novo-paciente-com-sucesso-mobile-retry1/test-failed-1.png]]

[[ATTACHMENT|test-results/mobile-views-Fluxo-de-Aute-ff891-r-novo-paciente-com-sucesso-mobile-retry1/error-context.md]]

[[ATTACHMENT|test-results/mobile-views-Fluxo-de-Aute-ff891-r-novo-paciente-com-sucesso-mobile-retry1/trace.zip]]

[[ATTACHMENT|test-results/mobile-views-Fluxo-de-Aute-ff891-r-novo-paciente-com-sucesso-mobile-retry2/test-failed-1.png]]

[[ATTACHMENT|test-results/mobile-views-Fluxo-de-Aute-ff891-r-novo-paciente-com-sucesso-mobile-retry2/error-context.md]]

[[ATTACHMENT|test-results/mobile-views-Fluxo-de-Aute-ff891-r-novo-paciente-com-sucesso-mobile-retry2/trace.zip]]
]]>
</system-out>
</testcase>
<testcase name="Fluxo de Autenticação - App Paciente › Registro › deve validar senhas correspondentes" classname="mobile-views.spec.ts" time="37.967">
<failure message="auth-flow.spec.ts:160:9 deve validar senhas correspondentes" type="FAILURE">
<![CDATA[  [mobile] › auth-flow.spec.ts:160:9 › Fluxo de Autenticação - App Paciente › Registro › deve validar senhas correspondentes 

    TimeoutError: page.fill: Timeout 10000ms exceeded.
    Call log:
      - waiting for locator('[data-testid="name-input"]')


      161 |       await page.goto('/(auth)/register');
      162 |
    > 163 |       await page.fill('[data-testid="name-input"]', 'Test User');
          |                  ^
      164 |       await page.fill('[data-testid="email-input"]', 'test@example.com');
      165 |       await page.fill('[data-testid="password-input"]', 'Password123');
      166 |       await page.fill('[data-testid="confirm-password-input"]', 'DifferentPassword123');
        at /home/rafael/Documents/fisioflow/fisioflow-51658291/patient-app/e2e/auth-flow.spec.ts:163:18

    attachment #1: screenshot (image/png) ──────────────────────────────────────────────────────────
    ../test-results/mobile-views-Fluxo-de-Aute-5ed8a-idar-senhas-correspondentes-mobile/test-failed-1.png
    ────────────────────────────────────────────────────────────────────────────────────────────────

    Error Context: ../test-results/mobile-views-Fluxo-de-Aute-5ed8a-idar-senhas-correspondentes-mobile/error-context.md

    attachment #3: trace (application/zip) ─────────────────────────────────────────────────────────
    ../test-results/mobile-views-Fluxo-de-Aute-5ed8a-idar-senhas-correspondentes-mobile/trace.zip
    Usage:

        npx playwright show-trace ../test-results/mobile-views-Fluxo-de-Aute-5ed8a-idar-senhas-correspondentes-mobile/trace.zip

    ────────────────────────────────────────────────────────────────────────────────────────────────

    Retry #1 ───────────────────────────────────────────────────────────────────────────────────────

    TimeoutError: page.fill: Timeout 10000ms exceeded.
    Call log:
      - waiting for locator('[data-testid="name-input"]')


      161 |       await page.goto('/(auth)/register');
      162 |
    > 163 |       await page.fill('[data-testid="name-input"]', 'Test User');
          |                  ^
      164 |       await page.fill('[data-testid="email-input"]', 'test@example.com');
      165 |       await page.fill('[data-testid="password-input"]', 'Password123');
      166 |       await page.fill('[data-testid="confirm-password-input"]', 'DifferentPassword123');
        at /home/rafael/Documents/fisioflow/fisioflow-51658291/patient-app/e2e/auth-flow.spec.ts:163:18

    attachment #1: screenshot (image/png) ──────────────────────────────────────────────────────────
    ../test-results/mobile-views-Fluxo-de-Aute-5ed8a-idar-senhas-correspondentes-mobile-retry1/test-failed-1.png
    ────────────────────────────────────────────────────────────────────────────────────────────────

    Error Context: ../test-results/mobile-views-Fluxo-de-Aute-5ed8a-idar-senhas-correspondentes-mobile-retry1/error-context.md

    attachment #3: trace (application/zip) ─────────────────────────────────────────────────────────
    ../test-results/mobile-views-Fluxo-de-Aute-5ed8a-idar-senhas-correspondentes-mobile-retry1/trace.zip
    Usage:

        npx playwright show-trace ../test-results/mobile-views-Fluxo-de-Aute-5ed8a-idar-senhas-correspondentes-mobile-retry1/trace.zip

    ────────────────────────────────────────────────────────────────────────────────────────────────

    Retry #2 ───────────────────────────────────────────────────────────────────────────────────────

    TimeoutError: page.fill: Timeout 10000ms exceeded.
    Call log:
      - waiting for locator('[data-testid="name-input"]')


      161 |       await page.goto('/(auth)/register');
      162 |
    > 163 |       await page.fill('[data-testid="name-input"]', 'Test User');
          |                  ^
      164 |       await page.fill('[data-testid="email-input"]', 'test@example.com');
      165 |       await page.fill('[data-testid="password-input"]', 'Password123');
      166 |       await page.fill('[data-testid="confirm-password-input"]', 'DifferentPassword123');
        at /home/rafael/Documents/fisioflow/fisioflow-51658291/patient-app/e2e/auth-flow.spec.ts:163:18

    attachment #1: screenshot (image/png) ──────────────────────────────────────────────────────────
    ../test-results/mobile-views-Fluxo-de-Aute-5ed8a-idar-senhas-correspondentes-mobile-retry2/test-failed-1.png
    ────────────────────────────────────────────────────────────────────────────────────────────────

    Error Context: ../test-results/mobile-views-Fluxo-de-Aute-5ed8a-idar-senhas-correspondentes-mobile-retry2/error-context.md

    attachment #3: trace (application/zip) ─────────────────────────────────────────────────────────
    ../test-results/mobile-views-Fluxo-de-Aute-5ed8a-idar-senhas-correspondentes-mobile-retry2/trace.zip
    Usage:

        npx playwright show-trace ../test-results/mobile-views-Fluxo-de-Aute-5ed8a-idar-senhas-correspondentes-mobile-retry2/trace.zip

    ────────────────────────────────────────────────────────────────────────────────────────────────
]]>
</failure>
<system-out>
<![CDATA[
[[ATTACHMENT|test-results/mobile-views-Fluxo-de-Aute-5ed8a-idar-senhas-correspondentes-mobile/test-failed-1.png]]

[[ATTACHMENT|test-results/mobile-views-Fluxo-de-Aute-5ed8a-idar-senhas-correspondentes-mobile/error-context.md]]

[[ATTACHMENT|test-results/mobile-views-Fluxo-de-Aute-5ed8a-idar-senhas-correspondentes-mobile/trace.zip]]

[[ATTACHMENT|test-results/mobile-views-Fluxo-de-Aute-5ed8a-idar-senhas-correspondentes-mobile-retry1/test-failed-1.png]]

[[ATTACHMENT|test-results/mobile-views-Fluxo-de-Aute-5ed8a-idar-senhas-correspondentes-mobile-retry1/error-context.md]]

[[ATTACHMENT|test-results/mobile-views-Fluxo-de-Aute-5ed8a-idar-senhas-correspondentes-mobile-retry1/trace.zip]]

[[ATTACHMENT|test-results/mobile-views-Fluxo-de-Aute-5ed8a-idar-senhas-correspondentes-mobile-retry2/test-failed-1.png]]

[[ATTACHMENT|test-results/mobile-views-Fluxo-de-Aute-5ed8a-idar-senhas-correspondentes-mobile-retry2/error-context.md]]

[[ATTACHMENT|test-results/mobile-views-Fluxo-de-Aute-5ed8a-idar-senhas-correspondentes-mobile-retry2/trace.zip]]
]]>
</system-out>
</testcase>
<testcase name="Fluxo de Autenticação - App Paciente › Registro › deve exigir aceite dos termos" classname="mobile-views.spec.ts" time="37.407">
<failure message="auth-flow.spec.ts:173:9 deve exigir aceite dos termos" type="FAILURE">
<![CDATA[  [mobile] › auth-flow.spec.ts:173:9 › Fluxo de Autenticação - App Paciente › Registro › deve exigir aceite dos termos 

    TimeoutError: page.fill: Timeout 10000ms exceeded.
    Call log:
      - waiting for locator('[data-testid="name-input"]')


      174 |       await page.goto('/(auth)/register');
      175 |
    > 176 |       await page.fill('[data-testid="name-input"]', 'Test User');
          |                  ^
      177 |       await page.fill('[data-testid="email-input"]', 'test@example.com');
      178 |       await page.fill('[data-testid="password-input"]', 'Password123');
      179 |       await page.fill('[data-testid="confirm-password-input"]', 'Password123');
        at /home/rafael/Documents/fisioflow/fisioflow-51658291/patient-app/e2e/auth-flow.spec.ts:176:18

    attachment #1: screenshot (image/png) ──────────────────────────────────────────────────────────
    ../test-results/mobile-views-Fluxo-de-Aute-bd678-ve-exigir-aceite-dos-termos-mobile/test-failed-1.png
    ────────────────────────────────────────────────────────────────────────────────────────────────

    Error Context: ../test-results/mobile-views-Fluxo-de-Aute-bd678-ve-exigir-aceite-dos-termos-mobile/error-context.md

    attachment #3: trace (application/zip) ─────────────────────────────────────────────────────────
    ../test-results/mobile-views-Fluxo-de-Aute-bd678-ve-exigir-aceite-dos-termos-mobile/trace.zip
    Usage:

        npx playwright show-trace ../test-results/mobile-views-Fluxo-de-Aute-bd678-ve-exigir-aceite-dos-termos-mobile/trace.zip

    ────────────────────────────────────────────────────────────────────────────────────────────────

    Retry #1 ───────────────────────────────────────────────────────────────────────────────────────

    TimeoutError: page.fill: Timeout 10000ms exceeded.
    Call log:
      - waiting for locator('[data-testid="name-input"]')


      174 |       await page.goto('/(auth)/register');
      175 |
    > 176 |       await page.fill('[data-testid="name-input"]', 'Test User');
          |                  ^
      177 |       await page.fill('[data-testid="email-input"]', 'test@example.com');
      178 |       await page.fill('[data-testid="password-input"]', 'Password123');
      179 |       await page.fill('[data-testid="confirm-password-input"]', 'Password123');
        at /home/rafael/Documents/fisioflow/fisioflow-51658291/patient-app/e2e/auth-flow.spec.ts:176:18

    attachment #1: screenshot (image/png) ──────────────────────────────────────────────────────────
    ../test-results/mobile-views-Fluxo-de-Aute-bd678-ve-exigir-aceite-dos-termos-mobile-retry1/test-failed-1.png
    ────────────────────────────────────────────────────────────────────────────────────────────────

    Error Context: ../test-results/mobile-views-Fluxo-de-Aute-bd678-ve-exigir-aceite-dos-termos-mobile-retry1/error-context.md

    attachment #3: trace (application/zip) ─────────────────────────────────────────────────────────
    ../test-results/mobile-views-Fluxo-de-Aute-bd678-ve-exigir-aceite-dos-termos-mobile-retry1/trace.zip
    Usage:

        npx playwright show-trace ../test-results/mobile-views-Fluxo-de-Aute-bd678-ve-exigir-aceite-dos-termos-mobile-retry1/trace.zip

    ────────────────────────────────────────────────────────────────────────────────────────────────

    Retry #2 ───────────────────────────────────────────────────────────────────────────────────────

    TimeoutError: page.fill: Timeout 10000ms exceeded.
    Call log:
      - waiting for locator('[data-testid="name-input"]')


      174 |       await page.goto('/(auth)/register');
      175 |
    > 176 |       await page.fill('[data-testid="name-input"]', 'Test User');
          |                  ^
      177 |       await page.fill('[data-testid="email-input"]', 'test@example.com');
      178 |       await page.fill('[data-testid="password-input"]', 'Password123');
      179 |       await page.fill('[data-testid="confirm-password-input"]', 'Password123');
        at /home/rafael/Documents/fisioflow/fisioflow-51658291/patient-app/e2e/auth-flow.spec.ts:176:18

    attachment #1: screenshot (image/png) ──────────────────────────────────────────────────────────
    ../test-results/mobile-views-Fluxo-de-Aute-bd678-ve-exigir-aceite-dos-termos-mobile-retry2/test-failed-1.png
    ────────────────────────────────────────────────────────────────────────────────────────────────

    Error Context: ../test-results/mobile-views-Fluxo-de-Aute-bd678-ve-exigir-aceite-dos-termos-mobile-retry2/error-context.md

    attachment #3: trace (application/zip) ─────────────────────────────────────────────────────────
    ../test-results/mobile-views-Fluxo-de-Aute-bd678-ve-exigir-aceite-dos-termos-mobile-retry2/trace.zip
    Usage:

        npx playwright show-trace ../test-results/mobile-views-Fluxo-de-Aute-bd678-ve-exigir-aceite-dos-termos-mobile-retry2/trace.zip

    ────────────────────────────────────────────────────────────────────────────────────────────────
]]>
</failure>
<system-out>
<![CDATA[
[[ATTACHMENT|test-results/mobile-views-Fluxo-de-Aute-bd678-ve-exigir-aceite-dos-termos-mobile/test-failed-1.png]]

[[ATTACHMENT|test-results/mobile-views-Fluxo-de-Aute-bd678-ve-exigir-aceite-dos-termos-mobile/error-context.md]]

[[ATTACHMENT|test-results/mobile-views-Fluxo-de-Aute-bd678-ve-exigir-aceite-dos-termos-mobile/trace.zip]]

[[ATTACHMENT|test-results/mobile-views-Fluxo-de-Aute-bd678-ve-exigir-aceite-dos-termos-mobile-retry1/test-failed-1.png]]

[[ATTACHMENT|test-results/mobile-views-Fluxo-de-Aute-bd678-ve-exigir-aceite-dos-termos-mobile-retry1/error-context.md]]

[[ATTACHMENT|test-results/mobile-views-Fluxo-de-Aute-bd678-ve-exigir-aceite-dos-termos-mobile-retry1/trace.zip]]

[[ATTACHMENT|test-results/mobile-views-Fluxo-de-Aute-bd678-ve-exigir-aceite-dos-termos-mobile-retry2/test-failed-1.png]]

[[ATTACHMENT|test-results/mobile-views-Fluxo-de-Aute-bd678-ve-exigir-aceite-dos-termos-mobile-retry2/error-context.md]]

[[ATTACHMENT|test-results/mobile-views-Fluxo-de-Aute-bd678-ve-exigir-aceite-dos-termos-mobile-retry2/trace.zip]]
]]>
</system-out>
</testcase>
<testcase name="Fluxo de Autenticação - App Paciente › Proteção de Rotas › deve redirecionar para login ao acessar rota protegida" classname="mobile-views.spec.ts" time="22.624">
<failure message="auth-flow.spec.ts:190:9 deve redirecionar para login ao acessar rota protegida" type="FAILURE">
<![CDATA[  [mobile] › auth-flow.spec.ts:190:9 › Fluxo de Autenticação - App Paciente › Proteção de Rotas › deve redirecionar para login ao acessar rota protegida 

    Error: expect(page).toHaveURL(expected) failed

    Expected pattern: /\/(auth)\/login/
    Received string:  "http://127.0.0.1:19006/exercises"
    Timeout: 5000ms

    Call log:
      - Expect "toHaveURL" with timeout 5000ms
        8 × unexpected value "http://127.0.0.1:19006/exercises"


      193 |
      194 |       // Deve redirecionar para login
    > 195 |       await expect(page).toHaveURL(/\/(auth)\/login/);
          |                          ^
      196 |     });
      197 |
      198 |     test('deve redirecionar para home após login', async () => {
        at /home/rafael/Documents/fisioflow/fisioflow-51658291/patient-app/e2e/auth-flow.spec.ts:195:26

    attachment #1: screenshot (image/png) ──────────────────────────────────────────────────────────
    ../test-results/mobile-views-Fluxo-de-Aute-9f41a-n-ao-acessar-rota-protegida-mobile/test-failed-1.png
    ────────────────────────────────────────────────────────────────────────────────────────────────

    Error Context: ../test-results/mobile-views-Fluxo-de-Aute-9f41a-n-ao-acessar-rota-protegida-mobile/error-context.md

    attachment #3: trace (application/zip) ─────────────────────────────────────────────────────────
    ../test-results/mobile-views-Fluxo-de-Aute-9f41a-n-ao-acessar-rota-protegida-mobile/trace.zip
    Usage:

        npx playwright show-trace ../test-results/mobile-views-Fluxo-de-Aute-9f41a-n-ao-acessar-rota-protegida-mobile/trace.zip

    ────────────────────────────────────────────────────────────────────────────────────────────────

    Retry #1 ───────────────────────────────────────────────────────────────────────────────────────

    Error: expect(page).toHaveURL(expected) failed

    Expected pattern: /\/(auth)\/login/
    Received string:  "http://127.0.0.1:19006/exercises"
    Timeout: 5000ms

    Call log:
      - Expect "toHaveURL" with timeout 5000ms
        9 × unexpected value "http://127.0.0.1:19006/exercises"


      193 |
      194 |       // Deve redirecionar para login
    > 195 |       await expect(page).toHaveURL(/\/(auth)\/login/);
          |                          ^
      196 |     });
      197 |
      198 |     test('deve redirecionar para home após login', async () => {
        at /home/rafael/Documents/fisioflow/fisioflow-51658291/patient-app/e2e/auth-flow.spec.ts:195:26

    attachment #1: screenshot (image/png) ──────────────────────────────────────────────────────────
    ../test-results/mobile-views-Fluxo-de-Aute-9f41a-n-ao-acessar-rota-protegida-mobile-retry1/test-failed-1.png
    ────────────────────────────────────────────────────────────────────────────────────────────────

    Error Context: ../test-results/mobile-views-Fluxo-de-Aute-9f41a-n-ao-acessar-rota-protegida-mobile-retry1/error-context.md

    attachment #3: trace (application/zip) ─────────────────────────────────────────────────────────
    ../test-results/mobile-views-Fluxo-de-Aute-9f41a-n-ao-acessar-rota-protegida-mobile-retry1/trace.zip
    Usage:

        npx playwright show-trace ../test-results/mobile-views-Fluxo-de-Aute-9f41a-n-ao-acessar-rota-protegida-mobile-retry1/trace.zip

    ────────────────────────────────────────────────────────────────────────────────────────────────

    Retry #2 ───────────────────────────────────────────────────────────────────────────────────────

    Error: expect(page).toHaveURL(expected) failed

    Expected pattern: /\/(auth)\/login/
    Received string:  "http://127.0.0.1:19006/exercises"
    Timeout: 5000ms

    Call log:
      - Expect "toHaveURL" with timeout 5000ms
        9 × unexpected value "http://127.0.0.1:19006/exercises"


      193 |
      194 |       // Deve redirecionar para login
    > 195 |       await expect(page).toHaveURL(/\/(auth)\/login/);
          |                          ^
      196 |     });
      197 |
      198 |     test('deve redirecionar para home após login', async () => {
        at /home/rafael/Documents/fisioflow/fisioflow-51658291/patient-app/e2e/auth-flow.spec.ts:195:26

    attachment #1: screenshot (image/png) ──────────────────────────────────────────────────────────
    ../test-results/mobile-views-Fluxo-de-Aute-9f41a-n-ao-acessar-rota-protegida-mobile-retry2/test-failed-1.png
    ────────────────────────────────────────────────────────────────────────────────────────────────

    Error Context: ../test-results/mobile-views-Fluxo-de-Aute-9f41a-n-ao-acessar-rota-protegida-mobile-retry2/error-context.md

    attachment #3: trace (application/zip) ─────────────────────────────────────────────────────────
    ../test-results/mobile-views-Fluxo-de-Aute-9f41a-n-ao-acessar-rota-protegida-mobile-retry2/trace.zip
    Usage:

        npx playwright show-trace ../test-results/mobile-views-Fluxo-de-Aute-9f41a-n-ao-acessar-rota-protegida-mobile-retry2/trace.zip

    ────────────────────────────────────────────────────────────────────────────────────────────────
]]>
</failure>
<system-out>
<![CDATA[
[[ATTACHMENT|test-results/mobile-views-Fluxo-de-Aute-9f41a-n-ao-acessar-rota-protegida-mobile/test-failed-1.png]]

[[ATTACHMENT|test-results/mobile-views-Fluxo-de-Aute-9f41a-n-ao-acessar-rota-protegida-mobile/error-context.md]]

[[ATTACHMENT|test-results/mobile-views-Fluxo-de-Aute-9f41a-n-ao-acessar-rota-protegida-mobile/trace.zip]]

[[ATTACHMENT|test-results/mobile-views-Fluxo-de-Aute-9f41a-n-ao-acessar-rota-protegida-mobile-retry1/test-failed-1.png]]

[[ATTACHMENT|test-results/mobile-views-Fluxo-de-Aute-9f41a-n-ao-acessar-rota-protegida-mobile-retry1/error-context.md]]

[[ATTACHMENT|test-results/mobile-views-Fluxo-de-Aute-9f41a-n-ao-acessar-rota-protegida-mobile-retry1/trace.zip]]

[[ATTACHMENT|test-results/mobile-views-Fluxo-de-Aute-9f41a-n-ao-acessar-rota-protegida-mobile-retry2/test-failed-1.png]]

[[ATTACHMENT|test-results/mobile-views-Fluxo-de-Aute-9f41a-n-ao-acessar-rota-protegida-mobile-retry2/error-context.md]]

[[ATTACHMENT|test-results/mobile-views-Fluxo-de-Aute-9f41a-n-ao-acessar-rota-protegida-mobile-retry2/trace.zip]]
]]>
</system-out>
</testcase>
<testcase name="Fluxo de Autenticação - App Paciente › Proteção de Rotas › deve redirecionar para home após login" classname="mobile-views.spec.ts" time="40.384">
<failure message="auth-flow.spec.ts:198:9 deve redirecionar para home após login" type="FAILURE">
<![CDATA[  [mobile] › auth-flow.spec.ts:198:9 › Fluxo de Autenticação - App Paciente › Proteção de Rotas › deve redirecionar para home após login 

    TimeoutError: page.fill: Timeout 10000ms exceeded.
    Call log:
      - waiting for locator('[data-testid="email-input"]')


      37 |
      38 |   // Preencher credenciais
    > 39 |   await page.fill('[data-testid="email-input"]', credentials.email);
         |              ^
      40 |   await page.fill('[data-testid="password-input"]', credentials.password);
      41 |
      42 |   // Clicar no botão de login
        at patientLogin (/home/rafael/Documents/fisioflow/fisioflow-51658291/patient-app/e2e/auth-flow.spec.ts:39:14)
        at /home/rafael/Documents/fisioflow/fisioflow-51658291/patient-app/e2e/auth-flow.spec.ts:203:7

    attachment #1: screenshot (image/png) ──────────────────────────────────────────────────────────
    ../test-results/mobile-views-Fluxo-de-Aute-87a4d-cionar-para-home-após-login-mobile/test-failed-1.png
    ────────────────────────────────────────────────────────────────────────────────────────────────

    Error Context: ../test-results/mobile-views-Fluxo-de-Aute-87a4d-cionar-para-home-após-login-mobile/error-context.md

    attachment #3: trace (application/zip) ─────────────────────────────────────────────────────────
    ../test-results/mobile-views-Fluxo-de-Aute-87a4d-cionar-para-home-após-login-mobile/trace.zip
    Usage:

        npx playwright show-trace ../test-results/mobile-views-Fluxo-de-Aute-87a4d-cionar-para-home-após-login-mobile/trace.zip

    ────────────────────────────────────────────────────────────────────────────────────────────────

    Retry #1 ───────────────────────────────────────────────────────────────────────────────────────

    TimeoutError: page.fill: Timeout 10000ms exceeded.
    Call log:
      - waiting for locator('[data-testid="email-input"]')


      37 |
      38 |   // Preencher credenciais
    > 39 |   await page.fill('[data-testid="email-input"]', credentials.email);
         |              ^
      40 |   await page.fill('[data-testid="password-input"]', credentials.password);
      41 |
      42 |   // Clicar no botão de login
        at patientLogin (/home/rafael/Documents/fisioflow/fisioflow-51658291/patient-app/e2e/auth-flow.spec.ts:39:14)
        at /home/rafael/Documents/fisioflow/fisioflow-51658291/patient-app/e2e/auth-flow.spec.ts:203:7

    attachment #1: screenshot (image/png) ──────────────────────────────────────────────────────────
    ../test-results/mobile-views-Fluxo-de-Aute-87a4d-cionar-para-home-após-login-mobile-retry1/test-failed-1.png
    ────────────────────────────────────────────────────────────────────────────────────────────────

    Error Context: ../test-results/mobile-views-Fluxo-de-Aute-87a4d-cionar-para-home-após-login-mobile-retry1/error-context.md

    attachment #3: trace (application/zip) ─────────────────────────────────────────────────────────
    ../test-results/mobile-views-Fluxo-de-Aute-87a4d-cionar-para-home-após-login-mobile-retry1/trace.zip
    Usage:

        npx playwright show-trace ../test-results/mobile-views-Fluxo-de-Aute-87a4d-cionar-para-home-após-login-mobile-retry1/trace.zip

    ────────────────────────────────────────────────────────────────────────────────────────────────

    Retry #2 ───────────────────────────────────────────────────────────────────────────────────────

    TimeoutError: page.fill: Timeout 10000ms exceeded.
    Call log:
      - waiting for locator('[data-testid="email-input"]')


      37 |
      38 |   // Preencher credenciais
    > 39 |   await page.fill('[data-testid="email-input"]', credentials.email);
         |              ^
      40 |   await page.fill('[data-testid="password-input"]', credentials.password);
      41 |
      42 |   // Clicar no botão de login
        at patientLogin (/home/rafael/Documents/fisioflow/fisioflow-51658291/patient-app/e2e/auth-flow.spec.ts:39:14)
        at /home/rafael/Documents/fisioflow/fisioflow-51658291/patient-app/e2e/auth-flow.spec.ts:203:7

    attachment #1: screenshot (image/png) ──────────────────────────────────────────────────────────
    ../test-results/mobile-views-Fluxo-de-Aute-87a4d-cionar-para-home-após-login-mobile-retry2/test-failed-1.png
    ────────────────────────────────────────────────────────────────────────────────────────────────

    Error Context: ../test-results/mobile-views-Fluxo-de-Aute-87a4d-cionar-para-home-após-login-mobile-retry2/error-context.md

    attachment #3: trace (application/zip) ─────────────────────────────────────────────────────────
    ../test-results/mobile-views-Fluxo-de-Aute-87a4d-cionar-para-home-após-login-mobile-retry2/trace.zip
    Usage:

        npx playwright show-trace ../test-results/mobile-views-Fluxo-de-Aute-87a4d-cionar-para-home-após-login-mobile-retry2/trace.zip

    ────────────────────────────────────────────────────────────────────────────────────────────────
]]>
</failure>
<system-out>
<![CDATA[
[[ATTACHMENT|test-results/mobile-views-Fluxo-de-Aute-87a4d-cionar-para-home-após-login-mobile/test-failed-1.png]]

[[ATTACHMENT|test-results/mobile-views-Fluxo-de-Aute-87a4d-cionar-para-home-após-login-mobile/error-context.md]]

[[ATTACHMENT|test-results/mobile-views-Fluxo-de-Aute-87a4d-cionar-para-home-após-login-mobile/trace.zip]]

[[ATTACHMENT|test-results/mobile-views-Fluxo-de-Aute-87a4d-cionar-para-home-após-login-mobile-retry1/test-failed-1.png]]

[[ATTACHMENT|test-results/mobile-views-Fluxo-de-Aute-87a4d-cionar-para-home-após-login-mobile-retry1/error-context.md]]

[[ATTACHMENT|test-results/mobile-views-Fluxo-de-Aute-87a4d-cionar-para-home-após-login-mobile-retry1/trace.zip]]

[[ATTACHMENT|test-results/mobile-views-Fluxo-de-Aute-87a4d-cionar-para-home-após-login-mobile-retry2/test-failed-1.png]]

[[ATTACHMENT|test-results/mobile-views-Fluxo-de-Aute-87a4d-cionar-para-home-após-login-mobile-retry2/error-context.md]]

[[ATTACHMENT|test-results/mobile-views-Fluxo-de-Aute-87a4d-cionar-para-home-após-login-mobile-retry2/trace.zip]]
]]>
</system-out>
</testcase>
<testcase name="Fluxo de Autenticação - App Paciente › Persistência de Sessão › deve manter sessão após recarregar página" classname="mobile-views.spec.ts" time="37.662">
<failure message="auth-flow.spec.ts:212:9 deve manter sessão após recarregar página" type="FAILURE">
<![CDATA[  [mobile] › auth-flow.spec.ts:212:9 › Fluxo de Autenticação - App Paciente › Persistência de Sessão › deve manter sessão após recarregar página 

    TimeoutError: page.fill: Timeout 10000ms exceeded.
    Call log:
      - waiting for locator('[data-testid="email-input"]')


      37 |
      38 |   // Preencher credenciais
    > 39 |   await page.fill('[data-testid="email-input"]', credentials.email);
         |              ^
      40 |   await page.fill('[data-testid="password-input"]', credentials.password);
      41 |
      42 |   // Clicar no botão de login
        at patientLogin (/home/rafael/Documents/fisioflow/fisioflow-51658291/patient-app/e2e/auth-flow.spec.ts:39:14)
        at /home/rafael/Documents/fisioflow/fisioflow-51658291/patient-app/e2e/auth-flow.spec.ts:213:7

    attachment #1: screenshot (image/png) ──────────────────────────────────────────────────────────
    ../test-results/mobile-views-Fluxo-de-Aute-20174-ssão-após-recarregar-página-mobile/test-failed-1.png
    ────────────────────────────────────────────────────────────────────────────────────────────────

    Error Context: ../test-results/mobile-views-Fluxo-de-Aute-20174-ssão-após-recarregar-página-mobile/error-context.md

    attachment #3: trace (application/zip) ─────────────────────────────────────────────────────────
    ../test-results/mobile-views-Fluxo-de-Aute-20174-ssão-após-recarregar-página-mobile/trace.zip
    Usage:

        npx playwright show-trace ../test-results/mobile-views-Fluxo-de-Aute-20174-ssão-após-recarregar-página-mobile/trace.zip

    ────────────────────────────────────────────────────────────────────────────────────────────────

    Retry #1 ───────────────────────────────────────────────────────────────────────────────────────

    TimeoutError: page.fill: Timeout 10000ms exceeded.
    Call log:
      - waiting for locator('[data-testid="email-input"]')


      37 |
      38 |   // Preencher credenciais
    > 39 |   await page.fill('[data-testid="email-input"]', credentials.email);
         |              ^
      40 |   await page.fill('[data-testid="password-input"]', credentials.password);
      41 |
      42 |   // Clicar no botão de login
        at patientLogin (/home/rafael/Documents/fisioflow/fisioflow-51658291/patient-app/e2e/auth-flow.spec.ts:39:14)
        at /home/rafael/Documents/fisioflow/fisioflow-51658291/patient-app/e2e/auth-flow.spec.ts:213:7

    attachment #1: screenshot (image/png) ──────────────────────────────────────────────────────────
    ../test-results/mobile-views-Fluxo-de-Aute-20174-ssão-após-recarregar-página-mobile-retry1/test-failed-1.png
    ────────────────────────────────────────────────────────────────────────────────────────────────

    Error Context: ../test-results/mobile-views-Fluxo-de-Aute-20174-ssão-após-recarregar-página-mobile-retry1/error-context.md

    attachment #3: trace (application/zip) ─────────────────────────────────────────────────────────
    ../test-results/mobile-views-Fluxo-de-Aute-20174-ssão-após-recarregar-página-mobile-retry1/trace.zip
    Usage:

        npx playwright show-trace ../test-results/mobile-views-Fluxo-de-Aute-20174-ssão-após-recarregar-página-mobile-retry1/trace.zip

    ────────────────────────────────────────────────────────────────────────────────────────────────

    Retry #2 ───────────────────────────────────────────────────────────────────────────────────────

    TimeoutError: page.fill: Timeout 10000ms exceeded.
    Call log:
      - waiting for locator('[data-testid="email-input"]')


      37 |
      38 |   // Preencher credenciais
    > 39 |   await page.fill('[data-testid="email-input"]', credentials.email);
         |              ^
      40 |   await page.fill('[data-testid="password-input"]', credentials.password);
      41 |
      42 |   // Clicar no botão de login
        at patientLogin (/home/rafael/Documents/fisioflow/fisioflow-51658291/patient-app/e2e/auth-flow.spec.ts:39:14)
        at /home/rafael/Documents/fisioflow/fisioflow-51658291/patient-app/e2e/auth-flow.spec.ts:213:7

    attachment #1: screenshot (image/png) ──────────────────────────────────────────────────────────
    ../test-results/mobile-views-Fluxo-de-Aute-20174-ssão-após-recarregar-página-mobile-retry2/test-failed-1.png
    ────────────────────────────────────────────────────────────────────────────────────────────────

    Error Context: ../test-results/mobile-views-Fluxo-de-Aute-20174-ssão-após-recarregar-página-mobile-retry2/error-context.md

    attachment #3: trace (application/zip) ─────────────────────────────────────────────────────────
    ../test-results/mobile-views-Fluxo-de-Aute-20174-ssão-após-recarregar-página-mobile-retry2/trace.zip
    Usage:

        npx playwright show-trace ../test-results/mobile-views-Fluxo-de-Aute-20174-ssão-após-recarregar-página-mobile-retry2/trace.zip

    ────────────────────────────────────────────────────────────────────────────────────────────────
]]>
</failure>
<system-out>
<![CDATA[
[[ATTACHMENT|test-results/mobile-views-Fluxo-de-Aute-20174-ssão-após-recarregar-página-mobile/test-failed-1.png]]

[[ATTACHMENT|test-results/mobile-views-Fluxo-de-Aute-20174-ssão-após-recarregar-página-mobile/error-context.md]]

[[ATTACHMENT|test-results/mobile-views-Fluxo-de-Aute-20174-ssão-após-recarregar-página-mobile/trace.zip]]

[[ATTACHMENT|test-results/mobile-views-Fluxo-de-Aute-20174-ssão-após-recarregar-página-mobile-retry1/test-failed-1.png]]

[[ATTACHMENT|test-results/mobile-views-Fluxo-de-Aute-20174-ssão-após-recarregar-página-mobile-retry1/error-context.md]]

[[ATTACHMENT|test-results/mobile-views-Fluxo-de-Aute-20174-ssão-após-recarregar-página-mobile-retry1/trace.zip]]

[[ATTACHMENT|test-results/mobile-views-Fluxo-de-Aute-20174-ssão-após-recarregar-página-mobile-retry2/test-failed-1.png]]

[[ATTACHMENT|test-results/mobile-views-Fluxo-de-Aute-20174-ssão-após-recarregar-página-mobile-retry2/error-context.md]]

[[ATTACHMENT|test-results/mobile-views-Fluxo-de-Aute-20174-ssão-após-recarregar-página-mobile-retry2/trace.zip]]
]]>
</system-out>
</testcase>
<testcase name="Fluxo de Autenticação - App Paciente › Acessibilidade › deve ter labels ARIA nos campos de formulário" classname="mobile-views.spec.ts" time="22.499">
<failure message="auth-flow.spec.ts:222:9 deve ter labels ARIA nos campos de formulário" type="FAILURE">
<![CDATA[  [mobile] › auth-flow.spec.ts:222:9 › Fluxo de Autenticação - App Paciente › Acessibilidade › deve ter labels ARIA nos campos de formulário 

    Error: expect(locator).toHaveAttribute() failed

    Locator: locator('[data-testid="email-input"]')
    Expected: have attribute
    Timeout: 5000ms
    Error: element(s) not found

    Call log:
      - Expect "toHaveAttribute" with timeout 5000ms
      - waiting for locator('[data-testid="email-input"]')


      226 |       const passwordInput = page.locator('[data-testid="password-input"]');
      227 |
    > 228 |       await expect(emailInput).toHaveAttribute('aria-label');
          |                                ^
      229 |       await expect(passwordInput).toHaveAttribute('aria-label');
      230 |     });
      231 |   });
        at /home/rafael/Documents/fisioflow/fisioflow-51658291/patient-app/e2e/auth-flow.spec.ts:228:32

    attachment #1: screenshot (image/png) ──────────────────────────────────────────────────────────
    ../test-results/mobile-views-Fluxo-de-Aute-267b6-IA-nos-campos-de-formulário-mobile/test-failed-1.png
    ────────────────────────────────────────────────────────────────────────────────────────────────

    Error Context: ../test-results/mobile-views-Fluxo-de-Aute-267b6-IA-nos-campos-de-formulário-mobile/error-context.md

    attachment #3: trace (application/zip) ─────────────────────────────────────────────────────────
    ../test-results/mobile-views-Fluxo-de-Aute-267b6-IA-nos-campos-de-formulário-mobile/trace.zip
    Usage:

        npx playwright show-trace ../test-results/mobile-views-Fluxo-de-Aute-267b6-IA-nos-campos-de-formulário-mobile/trace.zip

    ────────────────────────────────────────────────────────────────────────────────────────────────

    Retry #1 ───────────────────────────────────────────────────────────────────────────────────────

    Error: expect(locator).toHaveAttribute() failed

    Locator: locator('[data-testid="email-input"]')
    Expected: have attribute
    Timeout: 5000ms
    Error: element(s) not found

    Call log:
      - Expect "toHaveAttribute" with timeout 5000ms
      - waiting for locator('[data-testid="email-input"]')


      226 |       const passwordInput = page.locator('[data-testid="password-input"]');
      227 |
    > 228 |       await expect(emailInput).toHaveAttribute('aria-label');
          |                                ^
      229 |       await expect(passwordInput).toHaveAttribute('aria-label');
      230 |     });
      231 |   });
        at /home/rafael/Documents/fisioflow/fisioflow-51658291/patient-app/e2e/auth-flow.spec.ts:228:32

    attachment #1: screenshot (image/png) ──────────────────────────────────────────────────────────
    ../test-results/mobile-views-Fluxo-de-Aute-267b6-IA-nos-campos-de-formulário-mobile-retry1/test-failed-1.png
    ────────────────────────────────────────────────────────────────────────────────────────────────

    Error Context: ../test-results/mobile-views-Fluxo-de-Aute-267b6-IA-nos-campos-de-formulário-mobile-retry1/error-context.md

    attachment #3: trace (application/zip) ─────────────────────────────────────────────────────────
    ../test-results/mobile-views-Fluxo-de-Aute-267b6-IA-nos-campos-de-formulário-mobile-retry1/trace.zip
    Usage:

        npx playwright show-trace ../test-results/mobile-views-Fluxo-de-Aute-267b6-IA-nos-campos-de-formulário-mobile-retry1/trace.zip

    ────────────────────────────────────────────────────────────────────────────────────────────────

    Retry #2 ───────────────────────────────────────────────────────────────────────────────────────

    Error: expect(locator).toHaveAttribute() failed

    Locator: locator('[data-testid="email-input"]')
    Expected: have attribute
    Timeout: 5000ms
    Error: element(s) not found

    Call log:
      - Expect "toHaveAttribute" with timeout 5000ms
      - waiting for locator('[data-testid="email-input"]')


      226 |       const passwordInput = page.locator('[data-testid="password-input"]');
      227 |
    > 228 |       await expect(emailInput).toHaveAttribute('aria-label');
          |                                ^
      229 |       await expect(passwordInput).toHaveAttribute('aria-label');
      230 |     });
      231 |   });
        at /home/rafael/Documents/fisioflow/fisioflow-51658291/patient-app/e2e/auth-flow.spec.ts:228:32

    attachment #1: screenshot (image/png) ──────────────────────────────────────────────────────────
    ../test-results/mobile-views-Fluxo-de-Aute-267b6-IA-nos-campos-de-formulário-mobile-retry2/test-failed-1.png
    ────────────────────────────────────────────────────────────────────────────────────────────────

    Error Context: ../test-results/mobile-views-Fluxo-de-Aute-267b6-IA-nos-campos-de-formulário-mobile-retry2/error-context.md

    attachment #3: trace (application/zip) ─────────────────────────────────────────────────────────
    ../test-results/mobile-views-Fluxo-de-Aute-267b6-IA-nos-campos-de-formulário-mobile-retry2/trace.zip
    Usage:

        npx playwright show-trace ../test-results/mobile-views-Fluxo-de-Aute-267b6-IA-nos-campos-de-formulário-mobile-retry2/trace.zip

    ────────────────────────────────────────────────────────────────────────────────────────────────
]]>
</failure>
<system-out>
<![CDATA[
[[ATTACHMENT|test-results/mobile-views-Fluxo-de-Aute-267b6-IA-nos-campos-de-formulário-mobile/test-failed-1.png]]

[[ATTACHMENT|test-results/mobile-views-Fluxo-de-Aute-267b6-IA-nos-campos-de-formulário-mobile/error-context.md]]

[[ATTACHMENT|test-results/mobile-views-Fluxo-de-Aute-267b6-IA-nos-campos-de-formulário-mobile/trace.zip]]

[[ATTACHMENT|test-results/mobile-views-Fluxo-de-Aute-267b6-IA-nos-campos-de-formulário-mobile-retry1/test-failed-1.png]]

[[ATTACHMENT|test-results/mobile-views-Fluxo-de-Aute-267b6-IA-nos-campos-de-formulário-mobile-retry1/error-context.md]]

[[ATTACHMENT|test-results/mobile-views-Fluxo-de-Aute-267b6-IA-nos-campos-de-formulário-mobile-retry1/trace.zip]]

[[ATTACHMENT|test-results/mobile-views-Fluxo-de-Aute-267b6-IA-nos-campos-de-formulário-mobile-retry2/test-failed-1.png]]

[[ATTACHMENT|test-results/mobile-views-Fluxo-de-Aute-267b6-IA-nos-campos-de-formulário-mobile-retry2/error-context.md]]

[[ATTACHMENT|test-results/mobile-views-Fluxo-de-Aute-267b6-IA-nos-campos-de-formulário-mobile-retry2/trace.zip]]
]]>
</system-out>
</testcase>
<testcase name="Mobile visual checks › renders login screen at mobile viewport" classname="mobile-views.spec.ts" time="2.317">
</testcase>
<testcase name="Mobile visual checks › captures logged-in tabs on narrow viewport" classname="mobile-views.spec.ts" time="35.347">
<failure message="mobile-views.spec.ts:20:7 captures logged-in tabs on narrow viewport" type="FAILURE">
<![CDATA[  [mobile] › mobile-views.spec.ts:20:7 › Mobile visual checks › captures logged-in tabs on narrow viewport 

    TimeoutError: page.fill: Timeout 10000ms exceeded.
    Call log:
      - waiting for locator('[data-testid="email-input"]')


       at auth-flow.spec.ts:39

      37 |
      38 |   // Preencher credenciais
    > 39 |   await page.fill('[data-testid="email-input"]', credentials.email);
         |              ^
      40 |   await page.fill('[data-testid="password-input"]', credentials.password);
      41 |
      42 |   // Clicar no botão de login
        at patientLogin (/home/rafael/Documents/fisioflow/fisioflow-51658291/patient-app/e2e/auth-flow.spec.ts:39:14)
        at /home/rafael/Documents/fisioflow/fisioflow-51658291/patient-app/e2e/mobile-views.spec.ts:21:5

    attachment #1: screenshot (image/png) ──────────────────────────────────────────────────────────
    ../test-results/mobile-views-Mobile-visual-fa7d3--in-tabs-on-narrow-viewport-mobile/test-failed-1.png
    ────────────────────────────────────────────────────────────────────────────────────────────────

    attachment #2: video (video/webm) ──────────────────────────────────────────────────────────────
    ../test-results/mobile-views-Mobile-visual-fa7d3--in-tabs-on-narrow-viewport-mobile/video.webm
    ────────────────────────────────────────────────────────────────────────────────────────────────

    Error Context: ../test-results/mobile-views-Mobile-visual-fa7d3--in-tabs-on-narrow-viewport-mobile/error-context.md

    attachment #4: trace (application/zip) ─────────────────────────────────────────────────────────
    ../test-results/mobile-views-Mobile-visual-fa7d3--in-tabs-on-narrow-viewport-mobile/trace.zip
    Usage:

        npx playwright show-trace ../test-results/mobile-views-Mobile-visual-fa7d3--in-tabs-on-narrow-viewport-mobile/trace.zip

    ────────────────────────────────────────────────────────────────────────────────────────────────

    Retry #1 ───────────────────────────────────────────────────────────────────────────────────────

    TimeoutError: page.fill: Timeout 10000ms exceeded.
    Call log:
      - waiting for locator('[data-testid="email-input"]')


       at auth-flow.spec.ts:39

      37 |
      38 |   // Preencher credenciais
    > 39 |   await page.fill('[data-testid="email-input"]', credentials.email);
         |              ^
      40 |   await page.fill('[data-testid="password-input"]', credentials.password);
      41 |
      42 |   // Clicar no botão de login
        at patientLogin (/home/rafael/Documents/fisioflow/fisioflow-51658291/patient-app/e2e/auth-flow.spec.ts:39:14)
        at /home/rafael/Documents/fisioflow/fisioflow-51658291/patient-app/e2e/mobile-views.spec.ts:21:5

    attachment #1: screenshot (image/png) ──────────────────────────────────────────────────────────
    ../test-results/mobile-views-Mobile-visual-fa7d3--in-tabs-on-narrow-viewport-mobile-retry1/test-failed-1.png
    ────────────────────────────────────────────────────────────────────────────────────────────────

    attachment #2: video (video/webm) ──────────────────────────────────────────────────────────────
    ../test-results/mobile-views-Mobile-visual-fa7d3--in-tabs-on-narrow-viewport-mobile-retry1/video.webm
    ────────────────────────────────────────────────────────────────────────────────────────────────

    Error Context: ../test-results/mobile-views-Mobile-visual-fa7d3--in-tabs-on-narrow-viewport-mobile-retry1/error-context.md

    attachment #4: trace (application/zip) ─────────────────────────────────────────────────────────
    ../test-results/mobile-views-Mobile-visual-fa7d3--in-tabs-on-narrow-viewport-mobile-retry1/trace.zip
    Usage:

        npx playwright show-trace ../test-results/mobile-views-Mobile-visual-fa7d3--in-tabs-on-narrow-viewport-mobile-retry1/trace.zip

    ────────────────────────────────────────────────────────────────────────────────────────────────

    Retry #2 ───────────────────────────────────────────────────────────────────────────────────────

    TimeoutError: page.fill: Timeout 10000ms exceeded.
    Call log:
      - waiting for locator('[data-testid="email-input"]')


       at auth-flow.spec.ts:39

      37 |
      38 |   // Preencher credenciais
    > 39 |   await page.fill('[data-testid="email-input"]', credentials.email);
         |              ^
      40 |   await page.fill('[data-testid="password-input"]', credentials.password);
      41 |
      42 |   // Clicar no botão de login
        at patientLogin (/home/rafael/Documents/fisioflow/fisioflow-51658291/patient-app/e2e/auth-flow.spec.ts:39:14)
        at /home/rafael/Documents/fisioflow/fisioflow-51658291/patient-app/e2e/mobile-views.spec.ts:21:5

    attachment #1: screenshot (image/png) ──────────────────────────────────────────────────────────
    ../test-results/mobile-views-Mobile-visual-fa7d3--in-tabs-on-narrow-viewport-mobile-retry2/test-failed-1.png
    ────────────────────────────────────────────────────────────────────────────────────────────────

    attachment #2: video (video/webm) ──────────────────────────────────────────────────────────────
    ../test-results/mobile-views-Mobile-visual-fa7d3--in-tabs-on-narrow-viewport-mobile-retry2/video.webm
    ────────────────────────────────────────────────────────────────────────────────────────────────

    Error Context: ../test-results/mobile-views-Mobile-visual-fa7d3--in-tabs-on-narrow-viewport-mobile-retry2/error-context.md

    attachment #4: trace (application/zip) ─────────────────────────────────────────────────────────
    ../test-results/mobile-views-Mobile-visual-fa7d3--in-tabs-on-narrow-viewport-mobile-retry2/trace.zip
    Usage:

        npx playwright show-trace ../test-results/mobile-views-Mobile-visual-fa7d3--in-tabs-on-narrow-viewport-mobile-retry2/trace.zip

    ────────────────────────────────────────────────────────────────────────────────────────────────
]]>
</failure>
<system-out>
<![CDATA[
[[ATTACHMENT|test-results/mobile-views-Mobile-visual-fa7d3--in-tabs-on-narrow-viewport-mobile/test-failed-1.png]]

[[ATTACHMENT|test-results/mobile-views-Mobile-visual-fa7d3--in-tabs-on-narrow-viewport-mobile/video.webm]]

[[ATTACHMENT|test-results/mobile-views-Mobile-visual-fa7d3--in-tabs-on-narrow-viewport-mobile/error-context.md]]

[[ATTACHMENT|test-results/mobile-views-Mobile-visual-fa7d3--in-tabs-on-narrow-viewport-mobile/trace.zip]]

[[ATTACHMENT|test-results/mobile-views-Mobile-visual-fa7d3--in-tabs-on-narrow-viewport-mobile-retry1/test-failed-1.png]]

[[ATTACHMENT|test-results/mobile-views-Mobile-visual-fa7d3--in-tabs-on-narrow-viewport-mobile-retry1/video.webm]]

[[ATTACHMENT|test-results/mobile-views-Mobile-visual-fa7d3--in-tabs-on-narrow-viewport-mobile-retry1/error-context.md]]

[[ATTACHMENT|test-results/mobile-views-Mobile-visual-fa7d3--in-tabs-on-narrow-viewport-mobile-retry1/trace.zip]]

[[ATTACHMENT|test-results/mobile-views-Mobile-visual-fa7d3--in-tabs-on-narrow-viewport-mobile-retry2/test-failed-1.png]]

[[ATTACHMENT|test-results/mobile-views-Mobile-visual-fa7d3--in-tabs-on-narrow-viewport-mobile-retry2/video.webm]]

[[ATTACHMENT|test-results/mobile-views-Mobile-visual-fa7d3--in-tabs-on-narrow-viewport-mobile-retry2/error-context.md]]

[[ATTACHMENT|test-results/mobile-views-Mobile-visual-fa7d3--in-tabs-on-narrow-viewport-mobile-retry2/trace.zip]]
]]>
</system-out>
</testcase>
<testcase name="Mobile visual checks › protected tabs redirect to login when unauthenticated" classname="mobile-views.spec.ts" time="19.662">
<failure message="mobile-views.spec.ts:42:7 protected tabs redirect to login when unauthenticated" type="FAILURE">
<![CDATA[  [mobile] › mobile-views.spec.ts:42:7 › Mobile visual checks › protected tabs redirect to login when unauthenticated 

    Error: expect(page).toHaveURL(expected) failed

    Expected pattern: /\/(auth)\/login/
    Received string:  "http://127.0.0.1:19006/exercises"
    Timeout: 5000ms

    Call log:
      - Expect "toHaveURL" with timeout 5000ms
        9 × unexpected value "http://127.0.0.1:19006/exercises"


      43 |     await page.goto('/(tabs)/exercises');
      44 |
    > 45 |     await expect(page).toHaveURL(/\/(auth)\/login/);
         |                        ^
      46 |
      47 |     await page.goto('/(tabs)/appointments');
      48 |     await expect(page).toHaveURL(/\/(auth)\/login/);
        at /home/rafael/Documents/fisioflow/fisioflow-51658291/patient-app/e2e/mobile-views.spec.ts:45:24

    attachment #1: screenshot (image/png) ──────────────────────────────────────────────────────────
    ../test-results/mobile-views-Mobile-visual-aa031--login-when-unauthenticated-mobile/test-failed-1.png
    ────────────────────────────────────────────────────────────────────────────────────────────────

    attachment #2: video (video/webm) ──────────────────────────────────────────────────────────────
    ../test-results/mobile-views-Mobile-visual-aa031--login-when-unauthenticated-mobile/video.webm
    ────────────────────────────────────────────────────────────────────────────────────────────────

    Error Context: ../test-results/mobile-views-Mobile-visual-aa031--login-when-unauthenticated-mobile/error-context.md

    attachment #4: trace (application/zip) ─────────────────────────────────────────────────────────
    ../test-results/mobile-views-Mobile-visual-aa031--login-when-unauthenticated-mobile/trace.zip
    Usage:

        npx playwright show-trace ../test-results/mobile-views-Mobile-visual-aa031--login-when-unauthenticated-mobile/trace.zip

    ────────────────────────────────────────────────────────────────────────────────────────────────

    Retry #1 ───────────────────────────────────────────────────────────────────────────────────────

    Error: expect(page).toHaveURL(expected) failed

    Expected pattern: /\/(auth)\/login/
    Received string:  "http://127.0.0.1:19006/exercises"
    Timeout: 5000ms

    Call log:
      - Expect "toHaveURL" with timeout 5000ms
        9 × unexpected value "http://127.0.0.1:19006/exercises"


      43 |     await page.goto('/(tabs)/exercises');
      44 |
    > 45 |     await expect(page).toHaveURL(/\/(auth)\/login/);
         |                        ^
      46 |
      47 |     await page.goto('/(tabs)/appointments');
      48 |     await expect(page).toHaveURL(/\/(auth)\/login/);
        at /home/rafael/Documents/fisioflow/fisioflow-51658291/patient-app/e2e/mobile-views.spec.ts:45:24

    attachment #1: screenshot (image/png) ──────────────────────────────────────────────────────────
    ../test-results/mobile-views-Mobile-visual-aa031--login-when-unauthenticated-mobile-retry1/test-failed-1.png
    ────────────────────────────────────────────────────────────────────────────────────────────────

    attachment #2: video (video/webm) ──────────────────────────────────────────────────────────────
    ../test-results/mobile-views-Mobile-visual-aa031--login-when-unauthenticated-mobile-retry1/video.webm
    ────────────────────────────────────────────────────────────────────────────────────────────────

    Error Context: ../test-results/mobile-views-Mobile-visual-aa031--login-when-unauthenticated-mobile-retry1/error-context.md

    attachment #4: trace (application/zip) ─────────────────────────────────────────────────────────
    ../test-results/mobile-views-Mobile-visual-aa031--login-when-unauthenticated-mobile-retry1/trace.zip
    Usage:

        npx playwright show-trace ../test-results/mobile-views-Mobile-visual-aa031--login-when-unauthenticated-mobile-retry1/trace.zip

    ────────────────────────────────────────────────────────────────────────────────────────────────

    Retry #2 ───────────────────────────────────────────────────────────────────────────────────────

    Error: expect(page).toHaveURL(expected) failed

    Expected pattern: /\/(auth)\/login/
    Received string:  "http://127.0.0.1:19006/exercises"
    Timeout: 5000ms

    Call log:
      - Expect "toHaveURL" with timeout 5000ms
        9 × unexpected value "http://127.0.0.1:19006/exercises"


      43 |     await page.goto('/(tabs)/exercises');
      44 |
    > 45 |     await expect(page).toHaveURL(/\/(auth)\/login/);
         |                        ^
      46 |
      47 |     await page.goto('/(tabs)/appointments');
      48 |     await expect(page).toHaveURL(/\/(auth)\/login/);
        at /home/rafael/Documents/fisioflow/fisioflow-51658291/patient-app/e2e/mobile-views.spec.ts:45:24

    attachment #1: screenshot (image/png) ──────────────────────────────────────────────────────────
    ../test-results/mobile-views-Mobile-visual-aa031--login-when-unauthenticated-mobile-retry2/test-failed-1.png
    ────────────────────────────────────────────────────────────────────────────────────────────────

    attachment #2: video (video/webm) ──────────────────────────────────────────────────────────────
    ../test-results/mobile-views-Mobile-visual-aa031--login-when-unauthenticated-mobile-retry2/video.webm
    ────────────────────────────────────────────────────────────────────────────────────────────────

    Error Context: ../test-results/mobile-views-Mobile-visual-aa031--login-when-unauthenticated-mobile-retry2/error-context.md

    attachment #4: trace (application/zip) ─────────────────────────────────────────────────────────
    ../test-results/mobile-views-Mobile-visual-aa031--login-when-unauthenticated-mobile-retry2/trace.zip
    Usage:

        npx playwright show-trace ../test-results/mobile-views-Mobile-visual-aa031--login-when-unauthenticated-mobile-retry2/trace.zip

    ────────────────────────────────────────────────────────────────────────────────────────────────
]]>
</failure>
<system-out>
<![CDATA[
[[ATTACHMENT|test-results/mobile-views-Mobile-visual-aa031--login-when-unauthenticated-mobile/test-failed-1.png]]

[[ATTACHMENT|test-results/mobile-views-Mobile-visual-aa031--login-when-unauthenticated-mobile/video.webm]]

[[ATTACHMENT|test-results/mobile-views-Mobile-visual-aa031--login-when-unauthenticated-mobile/error-context.md]]

[[ATTACHMENT|test-results/mobile-views-Mobile-visual-aa031--login-when-unauthenticated-mobile/trace.zip]]

[[ATTACHMENT|test-results/mobile-views-Mobile-visual-aa031--login-when-unauthenticated-mobile-retry1/test-failed-1.png]]

[[ATTACHMENT|test-results/mobile-views-Mobile-visual-aa031--login-when-unauthenticated-mobile-retry1/video.webm]]

[[ATTACHMENT|test-results/mobile-views-Mobile-visual-aa031--login-when-unauthenticated-mobile-retry1/error-context.md]]

[[ATTACHMENT|test-results/mobile-views-Mobile-visual-aa031--login-when-unauthenticated-mobile-retry1/trace.zip]]

[[ATTACHMENT|test-results/mobile-views-Mobile-visual-aa031--login-when-unauthenticated-mobile-retry2/test-failed-1.png]]

[[ATTACHMENT|test-results/mobile-views-Mobile-visual-aa031--login-when-unauthenticated-mobile-retry2/video.webm]]

[[ATTACHMENT|test-results/mobile-views-Mobile-visual-aa031--login-when-unauthenticated-mobile-retry2/error-context.md]]

[[ATTACHMENT|test-results/mobile-views-Mobile-visual-aa031--login-when-unauthenticated-mobile-retry2/trace.zip]]
]]>
</system-out>
</testcase>
</testsuite>
</testsuites>